1741790810.6584682 [INFO] [launch]: All log files can be found below /home/pascal/.ros/log/2025-03-12-15-46-50-657322-DESKTOP-I5L32EL-22829
1741790810.6586127 [INFO] [launch]: Default logging verbosity is set to INFO
1741790844.1882741 [INFO] [ruby $(which gz) sim-1]: process started with pid [22966]
1741790844.1885087 [INFO] [ruby $(which gz) sim-2]: process started with pid [22968]
1741790844.1886075 [INFO] [micro_ros_agent-3]: process started with pid [22970]
1741790844.1886871 [INFO] [dds_udp.parm --synthetic-clock -4]: process started with pid [22972]
1741790844.1887324 [INFO] [mavproxy.py -5]: process started with pid [22974]
1741790844.1887853 [INFO] [robot_state_publisher-6]: process started with pid [22976]
1741790844.1888642 [INFO] [parameter_bridge-7]: process started with pid [22978]
1741790844.1889424 [INFO] [rviz2-8]: process started with pid [22980]
1741790844.3102367 [INFO] [relay-9]: process started with pid [22982]
1741790845.0638831 [micro_ros_agent-3] [35m[1741790845.063478][m info     | [34mUDPv4AgentLinux.cpp[m | [37minit                    [m | [32mrunning...[m             | port: 2019
1741790845.0642688 [micro_ros_agent-3] [35m[1741790845.063775][m info     | [34mRoot.cpp          [m | [37mset_verbose_level       [m | [32mlogger setup[m           | verbose_level: 4
1741790845.0872834 [dds_udp.parm --synthetic-clock -4] Setting SIM_SPEEDUP=1.000000
1741790845.0874410 [dds_udp.parm --synthetic-clock -4] Ignoring stale command-line parameter '-S'Starting SITL: JSON
1741790845.0886178 [dds_udp.parm --synthetic-clock -4] JSON control interface set to 127.0.0.1:9002
1741790845.0887530 [dds_udp.parm --synthetic-clock -4] Starting sketch 'Rover'
1741790845.0888233 [dds_udp.parm --synthetic-clock -4] Starting SITL input
1741790845.0888765 [dds_udp.parm --synthetic-clock -4] Using Irlock at port : 9005
1741790845.0889621 [dds_udp.parm --synthetic-clock -4] Waiting for connection ....
1741790845.0892527 [dds_udp.parm --synthetic-clock -4] bind port 5760 for SERIAL0
1741790845.0893366 [dds_udp.parm --synthetic-clock -4] SERIAL0 on TCP port 5760
1741790845.8363323 [rviz2-8] QStandardPaths: wrong permissions on runtime directory /run/user/1000/, 0755 instead of 0700
1741790845.9862275 [robot_state_publisher-6] [1;33mWarning [Utils.cc:132][0m [/sdf/model[@name="sam_model"]/link[@name="sonar_mid_b"]/sensor[@name="sonar_mid_b_sensor"]/gz_frame_id:<data-string>:L264]: XML Element[gz_frame_id], child of element[sensor], not defined in SDF. Copying[gz_frame_id] as children of [sensor].
1741790845.9877498 [robot_state_publisher-6] [1;33mWarning [Utils.cc:132][0m [/sdf/model[@name="sam_model"]/link[@name="sonar_l"]/sensor[@name="sonar_l_sensor"]/gz_frame_id:<data-string>:L335]: XML Element[gz_frame_id], child of element[sensor], not defined in SDF. Copying[gz_frame_id] as children of [sensor].
1741790845.9897904 [robot_state_publisher-6] [1;33mWarning [Utils.cc:132][0m [/sdf/model[@name="sam_model"]/link[@name="sonar_rb"]/sensor[@name="sonar_rb_sensor"]/gz_frame_id:<data-string>:L402]: XML Element[gz_frame_id], child of element[sensor], not defined in SDF. Copying[gz_frame_id] as children of [sensor].
1741790845.9917598 [robot_state_publisher-6] [1;33mWarning [Utils.cc:132][0m [/sdf/model[@name="sam_model"]/link[@name="sonar_r"]/sensor[@name="sonar_r_sensor"]/gz_frame_id:<data-string>:L468]: XML Element[gz_frame_id], child of element[sensor], not defined in SDF. Copying[gz_frame_id] as children of [sensor].
1741790845.9935787 [robot_state_publisher-6] [1;33mWarning [Utils.cc:132][0m [/sdf/model[@name="sam_model"]/link[@name="sonar_lb"]/sensor[@name="sonar_lb_sensor"]/gz_frame_id:<data-string>:L535]: XML Element[gz_frame_id], child of element[sensor], not defined in SDF. Copying[gz_frame_id] as children of [sensor].
1741790846.0072031 [robot_state_publisher-6] [WARN] [1741790846.006973967] [sdformat_urdf]: SDFormat link [base_link] has a <sensor>, but URDF does not support this
1741790846.0076046 [robot_state_publisher-6] [WARN] [1741790846.007124457] [sdformat_urdf]: SDFormat link [sonar_mid_b] has a <sensor>, but URDF does not support this
1741790846.0079105 [robot_state_publisher-6] [WARN] [1741790846.007134500] [sdformat_urdf]: SDFormat link [sonar_l] has a <sensor>, but URDF does not support this
1741790846.0082152 [robot_state_publisher-6] [WARN] [1741790846.007142401] [sdformat_urdf]: SDFormat link [sonar_rb] has a <sensor>, but URDF does not support this
1741790846.0082607 [robot_state_publisher-6] [WARN] [1741790846.007149767] [sdformat_urdf]: SDFormat link [sonar_r] has a <sensor>, but URDF does not support this
1741790846.0083086 [robot_state_publisher-6] [WARN] [1741790846.007157852] [sdformat_urdf]: SDFormat link [sonar_lb] has a <sensor>, but URDF does not support this
1741790846.0083513 [robot_state_publisher-6] [WARN] [1741790846.007164870] [sdformat_urdf]: SDFormat link [lidar] has a <sensor>, but URDF does not support this
1741790846.0083997 [robot_state_publisher-6] [WARN] [1741790846.007172076] [sdformat_urdf]: SDFormat link [camera] has a <sensor>, but URDF does not support this
1741790846.0193582 [robot_state_publisher-6] [WARN] [1741790846.019114982] [kdl_parser]: The root link base_link has an inertia specified in the URDF, but KDL does not support a root link with an inertia.  As a workaround, you can add an extra dummy link to your URDF.
1741790846.0197482 [robot_state_publisher-6] [INFO] [1741790846.019282409] [robot_state_publisher]: got segment base_link
1741790846.0198600 [robot_state_publisher-6] [INFO] [1741790846.019360467] [robot_state_publisher]: got segment camera
1741790846.0199172 [robot_state_publisher-6] [INFO] [1741790846.019366549] [robot_state_publisher]: got segment lidar
1741790846.0199866 [robot_state_publisher-6] [INFO] [1741790846.019369061] [robot_state_publisher]: got segment sonar_l
1741790846.0200655 [robot_state_publisher-6] [INFO] [1741790846.019371476] [robot_state_publisher]: got segment sonar_lb
1741790846.0201416 [robot_state_publisher-6] [INFO] [1741790846.019373478] [robot_state_publisher]: got segment sonar_mid_b
1741790846.0201957 [robot_state_publisher-6] [INFO] [1741790846.019375641] [robot_state_publisher]: got segment sonar_r
1741790846.0202589 [robot_state_publisher-6] [INFO] [1741790846.019377612] [robot_state_publisher]: got segment sonar_rb
1741790846.0203166 [robot_state_publisher-6] [INFO] [1741790846.019379612] [robot_state_publisher]: got segment steering_left
1741790846.0203443 [robot_state_publisher-6] [INFO] [1741790846.019381851] [robot_state_publisher]: got segment steering_right
1741790846.0203705 [robot_state_publisher-6] [INFO] [1741790846.019384044] [robot_state_publisher]: got segment wheel_lb
1741790846.0203950 [robot_state_publisher-6] [INFO] [1741790846.019386022] [robot_state_publisher]: got segment wheel_lf
1741790846.0204139 [robot_state_publisher-6] [INFO] [1741790846.019388099] [robot_state_publisher]: got segment wheel_rb
1741790846.0204308 [robot_state_publisher-6] [INFO] [1741790846.019390412] [robot_state_publisher]: got segment wheel_rf
1741790847.8517377 [rviz2-8] [INFO] [1741790847.851461314] [rviz2]: Stereo is NOT SUPPORTED
1741790847.8519189 [rviz2-8] [INFO] [1741790847.851568283] [rviz2]: OpenGl version: 4.2 (GLSL 4.2)
1741790848.1383915 [rviz2-8] [INFO] [1741790848.138185566] [rviz2]: Stereo is NOT SUPPORTED
1741790851.9936914 [dds_udp.parm --synthetic-clock -4] Connection on serial port 5760
1741790852.0259507 [dds_udp.parm --synthetic-clock -4] Loaded defaults from /mnt/h/01_Unistuff/00_Stuff/02_Master/Thesis/sam-plattform-entwicklung/plattform/install/ardupilot_sitl/share/ardupilot_sitl/config/default_params/rover.parm,/mnt/h/01_Unistuff/00_Stuff/02_Master/Thesis/sam-plattform-entwicklung/plattform/install/ardupilot_sitl/share/ardupilot_sitl/config/default_params/dds_udp.parm
1741790852.0263698 [dds_udp.parm --synthetic-clock -4] bind port 5762 for SERIAL1
1741790852.0264862 [dds_udp.parm --synthetic-clock -4] SERIAL1 on TCP port 5762
1741790852.0265803 [dds_udp.parm --synthetic-clock -4] bind port 5763 for SERIAL2
1741790852.0266552 [dds_udp.parm --synthetic-clock -4] SERIAL2 on TCP port 5763
1741790852.0268912 [dds_udp.parm --synthetic-clock -4] Home: -35.363262 149.165237 alt=584.000000m hdg=353.000000
1741790853.1279850 [dds_udp.parm --synthetic-clock -4] No JSON sensor message received, resending servos
1741790854.2293296 [dds_udp.parm --synthetic-clock -4] No JSON sensor message received, resending servos
1741790855.0293465 [mavproxy.py -5] Connect tcp:127.0.0.1:5760 source_system=255
1741790855.0296164 [mavproxy.py -5] Log Directory: 
1741790855.0297339 [mavproxy.py -5] Telemetry log: mav.tlog
1741790855.0298133 [mavproxy.py -5] Waiting for heartbeat from tcp:127.0.0.1:5760
1741790855.0298908 [mavproxy.py -5] link 1 down
1741790855.3303900 [dds_udp.parm --synthetic-clock -4] No JSON sensor message received, resending servos
1741790856.4309356 [dds_udp.parm --synthetic-clock -4] No JSON sensor message received, resending servos
1741790857.1593544 [rviz2-8] [1;33mWarning [Utils.cc:132][0m [/sdf/model[@name="sam_model"]/link[@name="sonar_mid_b"]/sensor[@name="sonar_mid_b_sensor"]/gz_frame_id:<data-string>:L264]: XML Element[gz_frame_id], child of element[sensor], not defined in SDF. Copying[gz_frame_id] as children of [sensor].
1741790857.1618907 [rviz2-8] [1;33mWarning [Utils.cc:132][0m [/sdf/model[@name="sam_model"]/link[@name="sonar_l"]/sensor[@name="sonar_l_sensor"]/gz_frame_id:<data-string>:L335]: XML Element[gz_frame_id], child of element[sensor], not defined in SDF. Copying[gz_frame_id] as children of [sensor].
1741790857.1638288 [rviz2-8] [1;33mWarning [Utils.cc:132][0m [/sdf/model[@name="sam_model"]/link[@name="sonar_rb"]/sensor[@name="sonar_rb_sensor"]/gz_frame_id:<data-string>:L402]: XML Element[gz_frame_id], child of element[sensor], not defined in SDF. Copying[gz_frame_id] as children of [sensor].
1741790857.1659188 [rviz2-8] [1;33mWarning [Utils.cc:132][0m [/sdf/model[@name="sam_model"]/link[@name="sonar_r"]/sensor[@name="sonar_r_sensor"]/gz_frame_id:<data-string>:L468]: XML Element[gz_frame_id], child of element[sensor], not defined in SDF. Copying[gz_frame_id] as children of [sensor].
1741790857.1677296 [rviz2-8] [1;33mWarning [Utils.cc:132][0m [/sdf/model[@name="sam_model"]/link[@name="sonar_lb"]/sensor[@name="sonar_lb_sensor"]/gz_frame_id:<data-string>:L535]: XML Element[gz_frame_id], child of element[sensor], not defined in SDF. Copying[gz_frame_id] as children of [sensor].
1741790857.1855869 [rviz2-8] [WARN] [1741790857.185375934] [sdformat_urdf]: SDFormat link [base_link] has a <sensor>, but URDF does not support this
1741790857.1859288 [rviz2-8] [WARN] [1741790857.185538314] [sdformat_urdf]: SDFormat link [sonar_mid_b] has a <sensor>, but URDF does not support this
1741790857.1860104 [rviz2-8] [WARN] [1741790857.185549408] [sdformat_urdf]: SDFormat link [sonar_l] has a <sensor>, but URDF does not support this
1741790857.1860518 [rviz2-8] [WARN] [1741790857.185557314] [sdformat_urdf]: SDFormat link [sonar_rb] has a <sensor>, but URDF does not support this
1741790857.1861014 [rviz2-8] [WARN] [1741790857.185564555] [sdformat_urdf]: SDFormat link [sonar_r] has a <sensor>, but URDF does not support this
1741790857.1861441 [rviz2-8] [WARN] [1741790857.185573181] [sdformat_urdf]: SDFormat link [sonar_lb] has a <sensor>, but URDF does not support this
1741790857.1861818 [rviz2-8] [WARN] [1741790857.185580334] [sdformat_urdf]: SDFormat link [lidar] has a <sensor>, but URDF does not support this
1741790857.1862369 [rviz2-8] [WARN] [1741790857.185587542] [sdformat_urdf]: SDFormat link [camera] has a <sensor>, but URDF does not support this
1741790857.5317369 [dds_udp.parm --synthetic-clock -4] No JSON sensor message received, resending servos
1741790858.6325853 [dds_udp.parm --synthetic-clock -4] No JSON sensor message received, resending servos
1741790859.7336178 [dds_udp.parm --synthetic-clock -4] No JSON sensor message received, resending servos
1741790860.8347340 [dds_udp.parm --synthetic-clock -4] No JSON sensor message received, resending servos
1741790861.9363785 [dds_udp.parm --synthetic-clock -4] No JSON sensor message received, resending servos
1741790863.0372033 [dds_udp.parm --synthetic-clock -4] No JSON sensor message received, resending servos
1741790864.1383607 [dds_udp.parm --synthetic-clock -4] No JSON sensor message received, resending servos
1741790866.6212592 [dds_udp.parm --synthetic-clock -4] No JSON sensor message received, resending servos
1741790867.7228103 [dds_udp.parm --synthetic-clock -4] No JSON sensor message received, resending servos
1741790868.8240919 [dds_udp.parm --synthetic-clock -4] No JSON sensor message received, resending servos
1741790869.9253726 [dds_udp.parm --synthetic-clock -4] No JSON sensor message received, resending servos
1741790871.0266628 [dds_udp.parm --synthetic-clock -4] No JSON sensor message received, resending servos
1741790872.1279571 [dds_udp.parm --synthetic-clock -4] No JSON sensor message received, resending servos
1741790873.2287900 [dds_udp.parm --synthetic-clock -4] No JSON sensor message received, resending servos
1741790874.3298049 [dds_udp.parm --synthetic-clock -4] No JSON sensor message received, resending servos
1741790875.4306860 [dds_udp.parm --synthetic-clock -4] No JSON sensor message received, resending servos
1741790876.5315003 [dds_udp.parm --synthetic-clock -4] No JSON sensor message received, resending servos
1741790877.6323156 [dds_udp.parm --synthetic-clock -4] No JSON sensor message received, resending servos
1741790878.7337165 [dds_udp.parm --synthetic-clock -4] No JSON sensor message received, resending servos
1741790879.8348770 [dds_udp.parm --synthetic-clock -4] No JSON sensor message received, resending servos
1741790880.9358702 [dds_udp.parm --synthetic-clock -4] No JSON sensor message received, resending servos
1741790882.0371726 [dds_udp.parm --synthetic-clock -4] No JSON sensor message received, resending servos
1741790883.1384611 [dds_udp.parm --synthetic-clock -4] No JSON sensor message received, resending servos
1741790884.2400031 [dds_udp.parm --synthetic-clock -4] No JSON sensor message received, resending servos
1741790885.3412123 [dds_udp.parm --synthetic-clock -4] No JSON sensor message received, resending servos
1741790886.4426095 [dds_udp.parm --synthetic-clock -4] No JSON sensor message received, resending servos
1741790887.5434806 [dds_udp.parm --synthetic-clock -4] No JSON sensor message received, resending servos
1741790888.6440215 [dds_udp.parm --synthetic-clock -4] No JSON sensor message received, resending servos
1741790889.7449090 [dds_udp.parm --synthetic-clock -4] No JSON sensor message received, resending servos
1741790890.8464873 [dds_udp.parm --synthetic-clock -4] No JSON sensor message received, resending servos
1741790891.9477825 [dds_udp.parm --synthetic-clock -4] No JSON sensor message received, resending servos
1741790893.0491064 [dds_udp.parm --synthetic-clock -4] No JSON sensor message received, resending servos
1741790894.1505167 [dds_udp.parm --synthetic-clock -4] No JSON sensor message received, resending servos
1741790895.2519403 [dds_udp.parm --synthetic-clock -4] No JSON sensor message received, resending servos
1741790896.3529909 [dds_udp.parm --synthetic-clock -4] No JSON sensor message received, resending servos
1741790897.4539404 [dds_udp.parm --synthetic-clock -4] No JSON sensor message received, resending servos
1741790899.8764038 [dds_udp.parm --synthetic-clock -4] No JSON sensor message received, resending servos
1741790900.9772289 [dds_udp.parm --synthetic-clock -4] No JSON sensor message received, resending servos
1741790902.0782535 [dds_udp.parm --synthetic-clock -4] No JSON sensor message received, resending servos
1741790903.1793878 [dds_udp.parm --synthetic-clock -4] No JSON sensor message received, resending servos
1741790904.2804513 [dds_udp.parm --synthetic-clock -4] No JSON sensor message received, resending servos
1741790905.3818715 [dds_udp.parm --synthetic-clock -4] No JSON sensor message received, resending servos
1741790906.4826572 [dds_udp.parm --synthetic-clock -4] No JSON sensor message received, resending servos
1741790907.5841534 [dds_udp.parm --synthetic-clock -4] No JSON sensor message received, resending servos
1741790908.6853325 [dds_udp.parm --synthetic-clock -4] No JSON sensor message received, resending servos
1741790909.7865682 [dds_udp.parm --synthetic-clock -4] No JSON sensor message received, resending servos
1741790910.8877861 [dds_udp.parm --synthetic-clock -4] No JSON sensor message received, resending servos
1741790911.9888144 [dds_udp.parm --synthetic-clock -4] No JSON sensor message received, resending servos
1741790913.0897660 [dds_udp.parm --synthetic-clock -4] No JSON sensor message received, resending servos
1741790914.1912911 [dds_udp.parm --synthetic-clock -4] No JSON sensor message received, resending servos
1741790915.2924831 [dds_udp.parm --synthetic-clock -4] No JSON sensor message received, resending servos
1741790916.3937883 [dds_udp.parm --synthetic-clock -4] No JSON sensor message received, resending servos
1741790917.4949651 [dds_udp.parm --synthetic-clock -4] No JSON sensor message received, resending servos
1741790918.5954726 [dds_udp.parm --synthetic-clock -4] No JSON sensor message received, resending servos
1741790919.6961482 [dds_udp.parm --synthetic-clock -4] No JSON sensor message received, resending servos
1741790920.7974517 [dds_udp.parm --synthetic-clock -4] No JSON sensor message received, resending servos
1741790921.8988729 [dds_udp.parm --synthetic-clock -4] No JSON sensor message received, resending servos
1741790923.0002661 [dds_udp.parm --synthetic-clock -4] No JSON sensor message received, resending servos
1741790924.1015530 [dds_udp.parm --synthetic-clock -4] No JSON sensor message received, resending servos
1741790925.2029142 [dds_udp.parm --synthetic-clock -4] No JSON sensor message received, resending servos
1741790926.3042836 [dds_udp.parm --synthetic-clock -4] No JSON sensor message received, resending servos
1741790927.4053962 [dds_udp.parm --synthetic-clock -4] No JSON sensor message received, resending servos
1741790928.5058451 [dds_udp.parm --synthetic-clock -4] No JSON sensor message received, resending servos
1741790929.6063728 [dds_udp.parm --synthetic-clock -4] No JSON sensor message received, resending servos
1741790930.7077091 [dds_udp.parm --synthetic-clock -4] No JSON sensor message received, resending servos
1741790933.1624835 [dds_udp.parm --synthetic-clock -4] No JSON sensor message received, resending servos
1741790934.2636068 [dds_udp.parm --synthetic-clock -4] No JSON sensor message received, resending servos
1741790935.3646290 [dds_udp.parm --synthetic-clock -4] No JSON sensor message received, resending servos
1741790936.4661856 [dds_udp.parm --synthetic-clock -4] No JSON sensor message received, resending servos
1741790937.5674536 [dds_udp.parm --synthetic-clock -4] No JSON sensor message received, resending servos
1741790938.6686807 [dds_udp.parm --synthetic-clock -4] No JSON sensor message received, resending servos
1741790939.7696996 [dds_udp.parm --synthetic-clock -4] No JSON sensor message received, resending servos
1741790940.8706324 [dds_udp.parm --synthetic-clock -4] No JSON sensor message received, resending servos
1741790941.9716551 [dds_udp.parm --synthetic-clock -4] No JSON sensor message received, resending servos
1741790943.0726495 [dds_udp.parm --synthetic-clock -4] No JSON sensor message received, resending servos
1741790944.1736443 [dds_udp.parm --synthetic-clock -4] No JSON sensor message received, resending servos
1741790945.2741313 [dds_udp.parm --synthetic-clock -4] No JSON sensor message received, resending servos
1741790946.3753588 [dds_udp.parm --synthetic-clock -4] No JSON sensor message received, resending servos
1741790947.4767323 [dds_udp.parm --synthetic-clock -4] No JSON sensor message received, resending servos
1741790948.5781796 [dds_udp.parm --synthetic-clock -4] No JSON sensor message received, resending servos
1741790949.6789253 [dds_udp.parm --synthetic-clock -4] No JSON sensor message received, resending servos
1741790950.7796879 [dds_udp.parm --synthetic-clock -4] No JSON sensor message received, resending servos
1741790951.8810244 [dds_udp.parm --synthetic-clock -4] No JSON sensor message received, resending servos
1741790952.9823179 [dds_udp.parm --synthetic-clock -4] No JSON sensor message received, resending servos
1741790954.0833049 [dds_udp.parm --synthetic-clock -4] No JSON sensor message received, resending servos
1741790955.1846461 [dds_udp.parm --synthetic-clock -4] No JSON sensor message received, resending servos
1741790956.2860284 [dds_udp.parm --synthetic-clock -4] No JSON sensor message received, resending servos
1741790957.3873582 [dds_udp.parm --synthetic-clock -4] No JSON sensor message received, resending servos
1741790958.4882219 [dds_udp.parm --synthetic-clock -4] No JSON sensor message received, resending servos
1741790959.5915477 [dds_udp.parm --synthetic-clock -4] No JSON sensor message received, resending servos
1741790960.6928699 [dds_udp.parm --synthetic-clock -4] No JSON sensor message received, resending servos
1741790961.7940652 [dds_udp.parm --synthetic-clock -4] No JSON sensor message received, resending servos
1741790962.8956339 [dds_udp.parm --synthetic-clock -4] No JSON sensor message received, resending servos
1741790963.9967833 [dds_udp.parm --synthetic-clock -4] No JSON sensor message received, resending servos
1741790966.4383419 [dds_udp.parm --synthetic-clock -4] No JSON sensor message received, resending servos
1741790967.5394659 [dds_udp.parm --synthetic-clock -4] No JSON sensor message received, resending servos
1741790968.6403968 [dds_udp.parm --synthetic-clock -4] No JSON sensor message received, resending servos
1741790969.7412245 [dds_udp.parm --synthetic-clock -4] No JSON sensor message received, resending servos
1741790970.8421082 [dds_udp.parm --synthetic-clock -4] No JSON sensor message received, resending servos
1741790971.9431071 [dds_udp.parm --synthetic-clock -4] No JSON sensor message received, resending servos
1741790973.0442755 [dds_udp.parm --synthetic-clock -4] No JSON sensor message received, resending servos
1741790974.1456912 [dds_udp.parm --synthetic-clock -4] No JSON sensor message received, resending servos
1741790975.2465603 [dds_udp.parm --synthetic-clock -4] No JSON sensor message received, resending servos
1741790976.3473790 [dds_udp.parm --synthetic-clock -4] No JSON sensor message received, resending servos
1741790977.4487181 [dds_udp.parm --synthetic-clock -4] No JSON sensor message received, resending servos
1741790978.5498891 [dds_udp.parm --synthetic-clock -4] No JSON sensor message received, resending servos
1741790979.6509407 [dds_udp.parm --synthetic-clock -4] No JSON sensor message received, resending servos
1741790980.7522511 [dds_udp.parm --synthetic-clock -4] No JSON sensor message received, resending servos
1741790981.8536520 [dds_udp.parm --synthetic-clock -4] No JSON sensor message received, resending servos
1741790982.9551921 [dds_udp.parm --synthetic-clock -4] No JSON sensor message received, resending servos
1741790984.0564208 [dds_udp.parm --synthetic-clock -4] No JSON sensor message received, resending servos
1741790985.1577303 [dds_udp.parm --synthetic-clock -4] No JSON sensor message received, resending servos
1741790986.2589574 [dds_udp.parm --synthetic-clock -4] No JSON sensor message received, resending servos
1741790987.3591499 [dds_udp.parm --synthetic-clock -4] No JSON sensor message received, resending servos
1741790988.4602749 [dds_udp.parm --synthetic-clock -4] No JSON sensor message received, resending servos
1741790989.5618660 [dds_udp.parm --synthetic-clock -4] No JSON sensor message received, resending servos
1741790990.6635239 [dds_udp.parm --synthetic-clock -4] No JSON sensor message received, resending servos
1741790991.7648592 [dds_udp.parm --synthetic-clock -4] No JSON sensor message received, resending servos
1741790992.8661571 [dds_udp.parm --synthetic-clock -4] No JSON sensor message received, resending servos
1741790993.9674461 [dds_udp.parm --synthetic-clock -4] No JSON sensor message received, resending servos
1741790995.0684569 [dds_udp.parm --synthetic-clock -4] No JSON sensor message received, resending servos
1741790996.1695368 [dds_udp.parm --synthetic-clock -4] No JSON sensor message received, resending servos
1741790997.2699938 [dds_udp.parm --synthetic-clock -4] No JSON sensor message received, resending servos
1741790998.3715205 [dds_udp.parm --synthetic-clock -4] No JSON sensor message received, resending servos
1741791000.8272572 [dds_udp.parm --synthetic-clock -4] No JSON sensor message received, resending servos
1741791001.9278860 [dds_udp.parm --synthetic-clock -4] No JSON sensor message received, resending servos
1741791003.0288072 [dds_udp.parm --synthetic-clock -4] No JSON sensor message received, resending servos
1741791004.1296291 [dds_udp.parm --synthetic-clock -4] No JSON sensor message received, resending servos
1741791005.2309916 [dds_udp.parm --synthetic-clock -4] No JSON sensor message received, resending servos
1741791006.3325913 [dds_udp.parm --synthetic-clock -4] No JSON sensor message received, resending servos
1741791007.4336352 [dds_udp.parm --synthetic-clock -4] No JSON sensor message received, resending servos
1741791008.5347164 [dds_udp.parm --synthetic-clock -4] No JSON sensor message received, resending servos
1741791009.6359231 [dds_udp.parm --synthetic-clock -4] No JSON sensor message received, resending servos
1741791010.7367980 [dds_udp.parm --synthetic-clock -4] No JSON sensor message received, resending servos
1741791011.8375180 [dds_udp.parm --synthetic-clock -4] No JSON sensor message received, resending servos
1741791012.9384310 [dds_udp.parm --synthetic-clock -4] No JSON sensor message received, resending servos
1741791014.0397370 [dds_udp.parm --synthetic-clock -4] No JSON sensor message received, resending servos
1741791015.1408865 [dds_udp.parm --synthetic-clock -4] No JSON sensor message received, resending servos
1741791016.2423699 [dds_udp.parm --synthetic-clock -4] No JSON sensor message received, resending servos
1741791017.3433676 [dds_udp.parm --synthetic-clock -4] No JSON sensor message received, resending servos
1741791018.4437950 [dds_udp.parm --synthetic-clock -4] No JSON sensor message received, resending servos
1741791019.5449529 [dds_udp.parm --synthetic-clock -4] No JSON sensor message received, resending servos
1741791020.6460297 [dds_udp.parm --synthetic-clock -4] No JSON sensor message received, resending servos
1741791021.7472277 [dds_udp.parm --synthetic-clock -4] No JSON sensor message received, resending servos
1741791022.8486950 [dds_udp.parm --synthetic-clock -4] No JSON sensor message received, resending servos
1741791023.9499350 [dds_udp.parm --synthetic-clock -4] No JSON sensor message received, resending servos
1741791025.0512140 [dds_udp.parm --synthetic-clock -4] No JSON sensor message received, resending servos
1741791026.1523905 [dds_udp.parm --synthetic-clock -4] No JSON sensor message received, resending servos
1741791027.2534311 [dds_udp.parm --synthetic-clock -4] No JSON sensor message received, resending servos
1741791028.3544440 [dds_udp.parm --synthetic-clock -4] No JSON sensor message received, resending servos
1741791029.4551048 [dds_udp.parm --synthetic-clock -4] No JSON sensor message received, resending servos
1741791030.5563498 [dds_udp.parm --synthetic-clock -4] No JSON sensor message received, resending servos
1741791031.6577783 [dds_udp.parm --synthetic-clock -4] No JSON sensor message received, resending servos
1741791034.1151752 [dds_udp.parm --synthetic-clock -4] No JSON sensor message received, resending servos
1741791035.2160263 [dds_udp.parm --synthetic-clock -4] No JSON sensor message received, resending servos
1741791036.3171945 [dds_udp.parm --synthetic-clock -4] No JSON sensor message received, resending servos
1741791037.4186468 [dds_udp.parm --synthetic-clock -4] No JSON sensor message received, resending servos
1741791038.5196917 [dds_udp.parm --synthetic-clock -4] No JSON sensor message received, resending servos
1741791039.6209776 [dds_udp.parm --synthetic-clock -4] No JSON sensor message received, resending servos
1741791040.7220383 [dds_udp.parm --synthetic-clock -4] No JSON sensor message received, resending servos
1741791041.8227992 [dds_udp.parm --synthetic-clock -4] No JSON sensor message received, resending servos
1741791042.9237752 [dds_udp.parm --synthetic-clock -4] No JSON sensor message received, resending servos
1741791044.0245309 [dds_udp.parm --synthetic-clock -4] No JSON sensor message received, resending servos
1741791045.1254566 [dds_udp.parm --synthetic-clock -4] No JSON sensor message received, resending servos
1741791046.2263532 [dds_udp.parm --synthetic-clock -4] No JSON sensor message received, resending servos
1741791047.3272719 [dds_udp.parm --synthetic-clock -4] No JSON sensor message received, resending servos
1741791048.4286115 [dds_udp.parm --synthetic-clock -4] No JSON sensor message received, resending servos
1741791049.5298171 [dds_udp.parm --synthetic-clock -4] No JSON sensor message received, resending servos
1741791050.6303277 [dds_udp.parm --synthetic-clock -4] No JSON sensor message received, resending servos
1741791051.7313933 [dds_udp.parm --synthetic-clock -4] No JSON sensor message received, resending servos
1741791052.8326571 [dds_udp.parm --synthetic-clock -4] No JSON sensor message received, resending servos
1741791053.9337046 [dds_udp.parm --synthetic-clock -4] No JSON sensor message received, resending servos
1741791055.0349913 [dds_udp.parm --synthetic-clock -4] No JSON sensor message received, resending servos
1741791056.1361070 [dds_udp.parm --synthetic-clock -4] No JSON sensor message received, resending servos
1741791057.2376380 [dds_udp.parm --synthetic-clock -4] No JSON sensor message received, resending servos
1741791058.3387995 [dds_udp.parm --synthetic-clock -4] No JSON sensor message received, resending servos
1741791059.4396784 [dds_udp.parm --synthetic-clock -4] No JSON sensor message received, resending servos
1741791060.5405450 [dds_udp.parm --synthetic-clock -4] No JSON sensor message received, resending servos
1741791061.6412706 [dds_udp.parm --synthetic-clock -4] No JSON sensor message received, resending servos
1741791062.7424188 [dds_udp.parm --synthetic-clock -4] No JSON sensor message received, resending servos
1741791063.8440688 [dds_udp.parm --synthetic-clock -4] No JSON sensor message received, resending servos
1741791064.9450686 [dds_udp.parm --synthetic-clock -4] No JSON sensor message received, resending servos
1741791067.4038591 [dds_udp.parm --synthetic-clock -4] No JSON sensor message received, resending servos
1741791068.5051837 [dds_udp.parm --synthetic-clock -4] No JSON sensor message received, resending servos
1741791069.6066773 [dds_udp.parm --synthetic-clock -4] No JSON sensor message received, resending servos
1741791070.7078657 [dds_udp.parm --synthetic-clock -4] No JSON sensor message received, resending servos
1741791071.8089149 [dds_udp.parm --synthetic-clock -4] No JSON sensor message received, resending servos
1741791072.9098978 [dds_udp.parm --synthetic-clock -4] No JSON sensor message received, resending servos
1741791074.0111544 [dds_udp.parm --synthetic-clock -4] No JSON sensor message received, resending servos
1741791075.1121657 [dds_udp.parm --synthetic-clock -4] No JSON sensor message received, resending servos
1741791076.2133758 [dds_udp.parm --synthetic-clock -4] No JSON sensor message received, resending servos
1741791077.3141439 [dds_udp.parm --synthetic-clock -4] No JSON sensor message received, resending servos
1741791078.4156415 [dds_udp.parm --synthetic-clock -4] No JSON sensor message received, resending servos
1741791079.5163262 [dds_udp.parm --synthetic-clock -4] No JSON sensor message received, resending servos
1741791080.6175258 [dds_udp.parm --synthetic-clock -4] No JSON sensor message received, resending servos
1741791081.7185040 [dds_udp.parm --synthetic-clock -4] No JSON sensor message received, resending servos
1741791082.8198659 [dds_udp.parm --synthetic-clock -4] No JSON sensor message received, resending servos
1741791083.9208636 [dds_udp.parm --synthetic-clock -4] No JSON sensor message received, resending servos
1741791085.0220327 [dds_udp.parm --synthetic-clock -4] No JSON sensor message received, resending servos
1741791086.1232829 [dds_udp.parm --synthetic-clock -4] No JSON sensor message received, resending servos
1741791087.2245576 [dds_udp.parm --synthetic-clock -4] No JSON sensor message received, resending servos
1741791088.3252113 [dds_udp.parm --synthetic-clock -4] No JSON sensor message received, resending servos
1741791089.4269166 [dds_udp.parm --synthetic-clock -4] No JSON sensor message received, resending servos
1741791090.5279002 [dds_udp.parm --synthetic-clock -4] No JSON sensor message received, resending servos
1741791091.6290903 [dds_udp.parm --synthetic-clock -4] No JSON sensor message received, resending servos
1741791092.7299194 [dds_udp.parm --synthetic-clock -4] No JSON sensor message received, resending servos
1741791093.8313303 [dds_udp.parm --synthetic-clock -4] No JSON sensor message received, resending servos
1741791094.9328561 [dds_udp.parm --synthetic-clock -4] No JSON sensor message received, resending servos
1741791096.0369813 [dds_udp.parm --synthetic-clock -4] No JSON sensor message received, resending servos
1741791097.1378684 [dds_udp.parm --synthetic-clock -4] No JSON sensor message received, resending servos
1741791098.2386546 [dds_udp.parm --synthetic-clock -4] No JSON sensor message received, resending servos
1741791099.3395987 [dds_udp.parm --synthetic-clock -4] No JSON sensor message received, resending servos
1741791100.8004856 [WARNING] [launch]: user interrupted with ctrl-c (SIGINT)
1741791100.8071885 [ERROR] [dds_udp.parm --synthetic-clock -4]: process has died [pid 22972, exit code -2, cmd 'ardurover --model json --speedup 1 --slave 0 --sim-address=127.0.0.1 --instance 0 --defaults /mnt/h/01_Unistuff/00_Stuff/02_Master/Thesis/sam-plattform-entwicklung/plattform/install/ardupilot_sitl/share/ardupilot_sitl/config/default_params/rover.parm,/mnt/h/01_Unistuff/00_Stuff/02_Master/Thesis/sam-plattform-entwicklung/plattform/install/ardupilot_sitl/share/ardupilot_sitl/config/default_params/dds_udp.parm --synthetic-clock '].
1741791100.8074005 [ERROR] [micro_ros_agent-3]: process has died [pid 22970, exit code -2, cmd '/mnt/h/01_Unistuff/00_Stuff/02_Master/Thesis/sam-plattform-entwicklung/plattform/install/micro_ros_agent/lib/micro_ros_agent/micro_ros_agent udp4 --middleware dds --verbose 4 --port 2019 --ros-args -r __node:=micro_ros_agent -r __ns:=/'].
1741791100.8078589 [rviz2-8] [INFO] [1741791100.800187895] [rclcpp]: signal_handler(signum=2)
1741791100.8083930 [robot_state_publisher-6] [INFO] [1741791100.800208037] [rclcpp]: signal_handler(signum=2)
1741791100.8940697 [mavproxy.py -5] Connection reset or closed by peer on TCP socket
1741791100.8942976 [mavproxy.py -5] Attempting reconnect
1741791100.8943629 [mavproxy.py -5] [Errno 111] Connection refused sleeping
1741791100.8943927 [mavproxy.py -5] Unloading module link
1741791100.8944454 [mavproxy.py -5] Unloading module log
1741791100.8945060 [mavproxy.py -5] Unloading module signing
1741791100.8945642 [mavproxy.py -5] Unloading module wp
1741791100.8946018 [mavproxy.py -5] Unloading module rally
1741791100.8948646 [mavproxy.py -5] Unloading module fence
1741791100.8949490 [mavproxy.py -5] Unloading module ftp
1741791100.8950043 [mavproxy.py -5] Unloading module param
1741791100.8950753 [mavproxy.py -5] Unloading module relay
1741791100.8952248 [mavproxy.py -5] Unloading module tuneopt
1741791100.8953049 [mavproxy.py -5] Unloading module arm
1741791100.8953555 [mavproxy.py -5] Unloading module mode
1741791100.8954279 [mavproxy.py -5] Unloading module calibration
1741791100.8955064 [mavproxy.py -5] Unloading module rc
1741791100.8955922 [mavproxy.py -5] Unloading module auxopt
1741791100.8956733 [mavproxy.py -5] Unloading module misc
1741791100.8957598 [mavproxy.py -5] Unloading module cmdlong
1741791100.8958313 [mavproxy.py -5] Unloading module battery
1741791100.8958941 [mavproxy.py -5] Unloading module terrain
1741791100.8959572 [mavproxy.py -5] Unloading module output
1741791100.8960252 [mavproxy.py -5] Unloading module adsb
1741791100.8960834 [mavproxy.py -5] Unloading module layout
1741791100.9108872 [INFO] [relay-9]: process has finished cleanly [pid 22982]
1741791100.9190018 [INFO] [robot_state_publisher-6]: process has finished cleanly [pid 22976]
1741791100.9253891 [INFO] [parameter_bridge-7]: process has finished cleanly [pid 22978]
1741791100.9593916 [ERROR] [ruby $(which gz) sim-1]: process has died [pid 22966, exit code -2, cmd 'ruby $(which gz) sim -v4 -s -r /mnt/h/01_Unistuff/00_Stuff/02_Master/Thesis/sam-plattform-entwicklung/plattform/install/ardupilot_gz_gazebo/share/ardupilot_gz_gazebo/worlds/sam_runway.sdf --force-version 8'].
1741791100.9599352 [INFO] [launch]: process[ruby $(which gz) sim-1] was required: shutting down launched system
1741791100.9712896 [ERROR] [mavproxy.py -5]: process has died [pid 22974, exit code -2, cmd 'mavproxy.py  --out 127.0.0.1:14550  --out  127.0.0.1:14551  --master tcp:127.0.0.1:5760  --sitl 127.0.0.1:5501  --non-interactive '].
1741791101.1919107 [ERROR] [rviz2-8]: process has died [pid 22980, exit code -11, cmd '/opt/ros/humble/lib/rviz2/rviz2 -d /mnt/h/01_Unistuff/00_Stuff/02_Master/Thesis/sam-plattform-entwicklung/plattform/install/ardupilot_gz_bringup/share/ardupilot_gz_bringup/rviz/sam.rviz --ros-args'].
1741791101.1996858 [ERROR] [ruby $(which gz) sim-2]: process has died [pid 22968, exit code -2, cmd 'ruby $(which gz) sim -v4 -g --force-version 8'].
1741791101.1999578 [INFO] [launch]: process[ruby $(which gz) sim-2] was required: shutting down launched system
