[WARN] [1741789521.787335081] [sdformat_urdf]: SDFormat link [base_link] has a <sensor>, but URDF does not support this
[WARN] [1741789521.787487231] [sdformat_urdf]: SDFormat link [sonar_mid_b] has a <sensor>, but URDF does not support this
[WARN] [1741789521.787500759] [sdformat_urdf]: SDFormat link [sonar_l] has a <sensor>, but URDF does not support this
[WARN] [1741789521.787511064] [sdformat_urdf]: SDFormat link [sonar_rb] has a <sensor>, but URDF does not support this
[WARN] [1741789521.787518572] [sdformat_urdf]: SDFormat link [sonar_r] has a <sensor>, but URDF does not support this
[WARN] [1741789521.787525917] [sdformat_urdf]: SDFormat link [sonar_lb] has a <sensor>, but URDF does not support this
[WARN] [1741789521.787533119] [sdformat_urdf]: SDFormat link [lidar] has a <sensor>, but URDF does not support this
[WARN] [1741789521.787541140] [sdformat_urdf]: SDFormat link [camera] has a <sensor>, but URDF does not support this
[WARN] [1741789521.799091728] [kdl_parser]: The root link base_link has an inertia specified in the URDF, but KDL does not support a root link with an inertia.  As a workaround, you can add an extra dummy link to your URDF.
[INFO] [1741789521.799316366] [robot_state_publisher]: got segment base_link
[INFO] [1741789521.799408077] [robot_state_publisher]: got segment camera
[INFO] [1741789521.799413985] [robot_state_publisher]: got segment lidar
[INFO] [1741789521.799416841] [robot_state_publisher]: got segment sonar_l
[INFO] [1741789521.799418961] [robot_state_publisher]: got segment sonar_lb
[INFO] [1741789521.799421078] [robot_state_publisher]: got segment sonar_mid_b
[INFO] [1741789521.799423178] [robot_state_publisher]: got segment sonar_r
[INFO] [1741789521.799425260] [robot_state_publisher]: got segment sonar_rb
[INFO] [1741789521.799427253] [robot_state_publisher]: got segment steering_left
[INFO] [1741789521.799429618] [robot_state_publisher]: got segment steering_right
[INFO] [1741789521.799431631] [robot_state_publisher]: got segment wheel_lb
[INFO] [1741789521.799433610] [robot_state_publisher]: got segment wheel_lf
[INFO] [1741789521.799435936] [robot_state_publisher]: got segment wheel_rb
[INFO] [1741789521.799438225] [robot_state_publisher]: got segment wheel_rf
[INFO] [1741789662.079975203] [rclcpp]: signal_handler(signum=2)
