[INFO] [1741789523.936665883] [rviz2]: Stereo is NOT SUPPORTED
[INFO] [1741789523.937077854] [rviz2]: OpenGl version: 4.2 (GLSL 4.2)
[INFO] [1741789524.254817673] [rviz2]: Stereo is NOT SUPPORTED
[WARN] [1741789533.961490365] [sdformat_urdf]: SDFormat link [base_link] has a <sensor>, but URDF does not support this
[WARN] [1741789533.961755797] [sdformat_urdf]: SDFormat link [sonar_mid_b] has a <sensor>, but URDF does not support this
[WARN] [1741789533.961767566] [sdformat_urdf]: SDFormat link [sonar_l] has a <sensor>, but URDF does not support this
[WARN] [1741789533.961777199] [sdformat_urdf]: SDFormat link [sonar_rb] has a <sensor>, but URDF does not support this
[WARN] [1741789533.961784715] [sdformat_urdf]: SDFormat link [sonar_r] has a <sensor>, but URDF does not support this
[WARN] [1741789533.961792319] [sdformat_urdf]: SDFormat link [sonar_lb] has a <sensor>, but URDF does not support this
[WARN] [1741789533.961800296] [sdformat_urdf]: SDFormat link [lidar] has a <sensor>, but URDF does not support this
[WARN] [1741789533.961808262] [sdformat_urdf]: SDFormat link [camera] has a <sensor>, but URDF does not support this
[INFO] [1741789568.782001908] [rviz]: Message Filter dropping message: frame 'ackermann_model/lidar/lidar' at time 23.400 for reason 'discarding message because the queue is full'
[INFO] [1741789568.942347286] [rviz]: Message Filter dropping message: frame 'ackermann_model/lidar/lidar' at time 23.500 for reason 'discarding message because the queue is full'
[INFO] [1741789569.133782703] [rviz]: Message Filter dropping message: frame 'ackermann_model/lidar/lidar' at time 23.600 for reason 'discarding message because the queue is full'
[INFO] [1741789569.294055197] [rviz]: Message Filter dropping message: frame 'ackermann_model/lidar/lidar' at time 23.700 for reason 'discarding message because the queue is full'
[INFO] [1741789569.486393525] [rviz]: Message Filter dropping message: frame 'ackermann_model/lidar/lidar' at time 23.800 for reason 'discarding message because the queue is full'
[INFO] [1741789569.678267337] [rviz]: Message Filter dropping message: frame 'ackermann_model/lidar/lidar' at time 23.900 for reason 'discarding message because the queue is full'
[INFO] [1741789569.870479996] [rviz]: Message Filter dropping message: frame 'ackermann_model/lidar/lidar' at time 24.000 for reason 'discarding message because the queue is full'
[INFO] [1741789570.030264262] [rviz]: Message Filter dropping message: frame 'ackermann_model/lidar/lidar' at time 24.100 for reason 'discarding message because the queue is full'
[INFO] [1741789570.222862802] [rviz]: Message Filter dropping message: frame 'ackermann_model/lidar/lidar' at time 24.200 for reason 'discarding message because the queue is full'
[INFO] [1741789570.414430298] [rviz]: Message Filter dropping message: frame 'ackermann_model/lidar/lidar' at time 24.300 for reason 'discarding message because the queue is full'
[INFO] [1741789570.574407549] [rviz]: Message Filter dropping message: frame 'ackermann_model/lidar/lidar' at time 24.400 for reason 'discarding message because the queue is full'
[INFO] [1741789570.766795744] [rviz]: Message Filter dropping message: frame 'ackermann_model/lidar/lidar' at time 24.500 for reason 'discarding message because the queue is full'
[INFO] [1741789570.990581705] [rviz]: Message Filter dropping message: frame 'ackermann_model/lidar/lidar' at time 24.600 for reason 'discarding message because the queue is full'
[INFO] [1741789571.182536795] [rviz]: Message Filter dropping message: frame 'ackermann_model/lidar/lidar' at time 24.700 for reason 'discarding message because the queue is full'
[INFO] [1741789571.374439304] [rviz]: Message Filter dropping message: frame 'ackermann_model/lidar/lidar' at time 24.800 for reason 'discarding message because the queue is full'
[INFO] [1741789571.534008683] [rviz]: Message Filter dropping message: frame 'ackermann_model/lidar/lidar' at time 24.900 for reason 'discarding message because the queue is full'
[INFO] [1741789571.758164766] [rviz]: Message Filter dropping message: frame 'ackermann_model/lidar/lidar' at time 25.000 for reason 'discarding message because the queue is full'
[INFO] [1741789571.950722769] [rviz]: Message Filter dropping message: frame 'ackermann_model/lidar/lidar' at time 25.100 for reason 'discarding message because the queue is full'
[INFO] [1741789572.110655211] [rviz]: Message Filter dropping message: frame 'ackermann_model/lidar/lidar' at time 25.200 for reason 'discarding message because the queue is full'
[INFO] [1741789572.302833922] [rviz]: Message Filter dropping message: frame 'ackermann_model/lidar/lidar' at time 25.300 for reason 'discarding message because the queue is full'
[INFO] [1741789572.526217395] [rviz]: Message Filter dropping message: frame 'ackermann_model/lidar/lidar' at time 25.400 for reason 'discarding message because the queue is full'
[INFO] [1741789572.718602102] [rviz]: Message Filter dropping message: frame 'ackermann_model/lidar/lidar' at time 25.500 for reason 'discarding message because the queue is full'
[INFO] [1741789572.878221910] [rviz]: Message Filter dropping message: frame 'ackermann_model/lidar/lidar' at time 25.600 for reason 'discarding message because the queue is full'
[INFO] [1741789573.070843022] [rviz]: Message Filter dropping message: frame 'ackermann_model/lidar/lidar' at time 25.700 for reason 'discarding message because the queue is full'
[INFO] [1741789573.262731158] [rviz]: Message Filter dropping message: frame 'ackermann_model/lidar/lidar' at time 25.800 for reason 'discarding message because the queue is full'
[INFO] [1741789573.454309999] [rviz]: Message Filter dropping message: frame 'ackermann_model/lidar/lidar' at time 25.900 for reason 'discarding message because the queue is full'
[INFO] [1741789573.646689674] [rviz]: Message Filter dropping message: frame 'ackermann_model/lidar/lidar' at time 26.000 for reason 'discarding message because the queue is full'
[INFO] [1741789573.838247570] [rviz]: Message Filter dropping message: frame 'ackermann_model/lidar/lidar' at time 26.100 for reason 'discarding message because the queue is full'
[INFO] [1741789574.062163225] [rviz]: Message Filter dropping message: frame 'ackermann_model/lidar/lidar' at time 26.200 for reason 'discarding message because the queue is full'
[INFO] [1741789574.285830410] [rviz]: Message Filter dropping message: frame 'ackermann_model/lidar/lidar' at time 26.300 for reason 'discarding message because the queue is full'
[INFO] [1741789574.478339837] [rviz]: Message Filter dropping message: frame 'ackermann_model/lidar/lidar' at time 26.400 for reason 'discarding message because the queue is full'
[INFO] [1741789574.670658102] [rviz]: Message Filter dropping message: frame 'ackermann_model/lidar/lidar' at time 26.500 for reason 'discarding message because the queue is full'
[INFO] [1741789574.926480241] [rviz]: Message Filter dropping message: frame 'ackermann_model/lidar/lidar' at time 26.600 for reason 'discarding message because the queue is full'
[INFO] [1741789575.118885729] [rviz]: Message Filter dropping message: frame 'ackermann_model/lidar/lidar' at time 26.700 for reason 'discarding message because the queue is full'
[INFO] [1741789575.310752399] [rviz]: Message Filter dropping message: frame 'ackermann_model/lidar/lidar' at time 26.800 for reason 'discarding message because the queue is full'
[INFO] [1741789575.534308891] [rviz]: Message Filter dropping message: frame 'ackermann_model/lidar/lidar' at time 26.900 for reason 'discarding message because the queue is full'
[INFO] [1741789575.758137066] [rviz]: Message Filter dropping message: frame 'ackermann_model/lidar/lidar' at time 27.000 for reason 'discarding message because the queue is full'
[INFO] [1741789575.982225698] [rviz]: Message Filter dropping message: frame 'ackermann_model/lidar/lidar' at time 27.100 for reason 'discarding message because the queue is full'
[INFO] [1741789576.174263504] [rviz]: Message Filter dropping message: frame 'ackermann_model/lidar/lidar' at time 27.200 for reason 'discarding message because the queue is full'
[INFO] [1741789576.366161660] [rviz]: Message Filter dropping message: frame 'ackermann_model/lidar/lidar' at time 27.300 for reason 'discarding message because the queue is full'
[INFO] [1741789576.654341116] [rviz]: Message Filter dropping message: frame 'ackermann_model/lidar/lidar' at time 27.400 for reason 'discarding message because the queue is full'
[INFO] [1741789576.909939245] [rviz]: Message Filter dropping message: frame 'ackermann_model/lidar/lidar' at time 27.500 for reason 'discarding message because the queue is full'
[INFO] [1741789577.134651625] [rviz]: Message Filter dropping message: frame 'ackermann_model/lidar/lidar' at time 27.600 for reason 'discarding message because the queue is full'
[INFO] [1741789577.326038212] [rviz]: Message Filter dropping message: frame 'ackermann_model/lidar/lidar' at time 27.700 for reason 'discarding message because the queue is full'
[INFO] [1741789577.550729727] [rviz]: Message Filter dropping message: frame 'ackermann_model/lidar/lidar' at time 27.800 for reason 'discarding message because the queue is full'
[INFO] [1741789577.774683750] [rviz]: Message Filter dropping message: frame 'ackermann_model/lidar/lidar' at time 27.900 for reason 'discarding message because the queue is full'
[INFO] [1741789577.998967071] [rviz]: Message Filter dropping message: frame 'ackermann_model/lidar/lidar' at time 28.000 for reason 'discarding message because the queue is full'
[INFO] [1741789578.254090871] [rviz]: Message Filter dropping message: frame 'ackermann_model/lidar/lidar' at time 28.100 for reason 'discarding message because the queue is full'
[INFO] [1741789578.478140141] [rviz]: Message Filter dropping message: frame 'ackermann_model/lidar/lidar' at time 28.200 for reason 'discarding message because the queue is full'
[INFO] [1741789578.702274611] [rviz]: Message Filter dropping message: frame 'ackermann_model/lidar/lidar' at time 28.300 for reason 'discarding message because the queue is full'
[INFO] [1741789578.926832522] [rviz]: Message Filter dropping message: frame 'ackermann_model/lidar/lidar' at time 28.400 for reason 'discarding message because the queue is full'
[INFO] [1741789579.150742225] [rviz]: Message Filter dropping message: frame 'ackermann_model/lidar/lidar' at time 28.500 for reason 'discarding message because the queue is full'
[INFO] [1741789579.374569352] [rviz]: Message Filter dropping message: frame 'ackermann_model/lidar/lidar' at time 28.600 for reason 'discarding message because the queue is full'
[INFO] [1741789579.630435854] [rviz]: Message Filter dropping message: frame 'ackermann_model/lidar/lidar' at time 28.700 for reason 'discarding message because the queue is full'
[INFO] [1741789579.822103143] [rviz]: Message Filter dropping message: frame 'ackermann_model/lidar/lidar' at time 28.800 for reason 'discarding message because the queue is full'
[INFO] [1741789580.077908947] [rviz]: Message Filter dropping message: frame 'ackermann_model/lidar/lidar' at time 28.900 for reason 'discarding message because the queue is full'
[INFO] [1741789580.302811555] [rviz]: Message Filter dropping message: frame 'ackermann_model/lidar/lidar' at time 29.000 for reason 'discarding message because the queue is full'
[INFO] [1741789580.526628827] [rviz]: Message Filter dropping message: frame 'ackermann_model/lidar/lidar' at time 29.100 for reason 'discarding message because the queue is full'
[INFO] [1741789580.782641242] [rviz]: Message Filter dropping message: frame 'ackermann_model/lidar/lidar' at time 29.200 for reason 'discarding message because the queue is full'
[INFO] [1741789581.006417851] [rviz]: Message Filter dropping message: frame 'ackermann_model/lidar/lidar' at time 29.300 for reason 'discarding message because the queue is full'
[INFO] [1741789581.230197388] [rviz]: Message Filter dropping message: frame 'ackermann_model/lidar/lidar' at time 29.400 for reason 'discarding message because the queue is full'
[INFO] [1741789581.454414725] [rviz]: Message Filter dropping message: frame 'ackermann_model/lidar/lidar' at time 29.500 for reason 'discarding message because the queue is full'
[INFO] [1741789581.647012344] [rviz]: Message Filter dropping message: frame 'ackermann_model/lidar/lidar' at time 29.600 for reason 'discarding message because the queue is full'
[INFO] [1741789581.870956285] [rviz]: Message Filter dropping message: frame 'ackermann_model/lidar/lidar' at time 29.700 for reason 'discarding message because the queue is full'
[INFO] [1741789582.094338369] [rviz]: Message Filter dropping message: frame 'ackermann_model/lidar/lidar' at time 29.800 for reason 'discarding message because the queue is full'
[INFO] [1741789582.318579804] [rviz]: Message Filter dropping message: frame 'ackermann_model/lidar/lidar' at time 29.900 for reason 'discarding message because the queue is full'
[INFO] [1741789582.541980377] [rviz]: Message Filter dropping message: frame 'ackermann_model/lidar/lidar' at time 30.000 for reason 'discarding message because the queue is full'
[INFO] [1741789583.693742380] [rviz]: Message Filter dropping message: frame 'ackermann_model/lidar/lidar' at time 30.100 for reason 'discarding message because the queue is full'
[INFO] [1741789583.950105550] [rviz]: Message Filter dropping message: frame 'ackermann_model/lidar/lidar' at time 30.200 for reason 'discarding message because the queue is full'
[INFO] [1741789584.174613249] [rviz]: Message Filter dropping message: frame 'ackermann_model/lidar/lidar' at time 30.300 for reason 'discarding message because the queue is full'
[INFO] [1741789584.398634760] [rviz]: Message Filter dropping message: frame 'ackermann_model/lidar/lidar' at time 30.400 for reason 'discarding message because the queue is full'
[INFO] [1741789584.622292604] [rviz]: Message Filter dropping message: frame 'ackermann_model/lidar/lidar' at time 30.500 for reason 'discarding message because the queue is full'
[INFO] [1741789584.878454474] [rviz]: Message Filter dropping message: frame 'ackermann_model/lidar/lidar' at time 30.600 for reason 'discarding message because the queue is full'
[INFO] [1741789585.101737551] [rviz]: Message Filter dropping message: frame 'ackermann_model/lidar/lidar' at time 30.700 for reason 'discarding message because the queue is full'
[INFO] [1741789585.326160270] [rviz]: Message Filter dropping message: frame 'ackermann_model/lidar/lidar' at time 30.800 for reason 'discarding message because the queue is full'
[INFO] [1741789585.549690578] [rviz]: Message Filter dropping message: frame 'ackermann_model/lidar/lidar' at time 30.900 for reason 'discarding message because the queue is full'
[INFO] [1741789585.774288427] [rviz]: Message Filter dropping message: frame 'ackermann_model/lidar/lidar' at time 31.000 for reason 'discarding message because the queue is full'
[INFO] [1741789585.997781260] [rviz]: Message Filter dropping message: frame 'ackermann_model/lidar/lidar' at time 31.100 for reason 'discarding message because the queue is full'
[INFO] [1741789586.190037453] [rviz]: Message Filter dropping message: frame 'ackermann_model/lidar/lidar' at time 31.200 for reason 'discarding message because the queue is full'
[INFO] [1741789586.414543438] [rviz]: Message Filter dropping message: frame 'ackermann_model/lidar/lidar' at time 31.300 for reason 'discarding message because the queue is full'
[INFO] [1741789586.638607489] [rviz]: Message Filter dropping message: frame 'ackermann_model/lidar/lidar' at time 31.400 for reason 'discarding message because the queue is full'
[INFO] [1741789586.830403505] [rviz]: Message Filter dropping message: frame 'ackermann_model/lidar/lidar' at time 31.500 for reason 'discarding message because the queue is full'
[INFO] [1741789586.990390369] [rviz]: Message Filter dropping message: frame 'ackermann_model/lidar/lidar' at time 31.600 for reason 'discarding message because the queue is full'
[INFO] [1741789587.150368394] [rviz]: Message Filter dropping message: frame 'ackermann_model/lidar/lidar' at time 31.700 for reason 'discarding message because the queue is full'
[INFO] [1741789587.342035125] [rviz]: Message Filter dropping message: frame 'ackermann_model/lidar/lidar' at time 31.800 for reason 'discarding message because the queue is full'
[INFO] [1741789587.501662750] [rviz]: Message Filter dropping message: frame 'ackermann_model/lidar/lidar' at time 31.900 for reason 'discarding message because the queue is full'
[INFO] [1741789587.662619888] [rviz]: Message Filter dropping message: frame 'ackermann_model/lidar/lidar' at time 32.000 for reason 'discarding message because the queue is full'
[INFO] [1741789587.822618292] [rviz]: Message Filter dropping message: frame 'ackermann_model/lidar/lidar' at time 32.100 for reason 'discarding message because the queue is full'
[INFO] [1741789587.982466462] [rviz]: Message Filter dropping message: frame 'ackermann_model/lidar/lidar' at time 32.200 for reason 'discarding message because the queue is full'
[INFO] [1741789588.142646980] [rviz]: Message Filter dropping message: frame 'ackermann_model/lidar/lidar' at time 32.300 for reason 'discarding message because the queue is full'
[INFO] [1741789588.301796121] [rviz]: Message Filter dropping message: frame 'ackermann_model/lidar/lidar' at time 32.400 for reason 'discarding message because the queue is full'
[INFO] [1741789588.494244683] [rviz]: Message Filter dropping message: frame 'ackermann_model/lidar/lidar' at time 32.500 for reason 'discarding message because the queue is full'
[INFO] [1741789588.654359734] [rviz]: Message Filter dropping message: frame 'ackermann_model/lidar/lidar' at time 32.600 for reason 'discarding message because the queue is full'
[INFO] [1741789588.814033962] [rviz]: Message Filter dropping message: frame 'ackermann_model/lidar/lidar' at time 32.700 for reason 'discarding message because the queue is full'
[INFO] [1741789588.974746850] [rviz]: Message Filter dropping message: frame 'ackermann_model/lidar/lidar' at time 32.800 for reason 'discarding message because the queue is full'
[INFO] [1741789589.134359890] [rviz]: Message Filter dropping message: frame 'ackermann_model/lidar/lidar' at time 32.900 for reason 'discarding message because the queue is full'
[INFO] [1741789589.325976750] [rviz]: Message Filter dropping message: frame 'ackermann_model/lidar/lidar' at time 33.000 for reason 'discarding message because the queue is full'
[INFO] [1741789589.517933751] [rviz]: Message Filter dropping message: frame 'ackermann_model/lidar/lidar' at time 33.100 for reason 'discarding message because the queue is full'
[INFO] [1741789589.678804020] [rviz]: Message Filter dropping message: frame 'ackermann_model/lidar/lidar' at time 33.200 for reason 'discarding message because the queue is full'
[INFO] [1741789589.870573401] [rviz]: Message Filter dropping message: frame 'ackermann_model/lidar/lidar' at time 33.300 for reason 'discarding message because the queue is full'
[INFO] [1741789590.062661273] [rviz]: Message Filter dropping message: frame 'ackermann_model/lidar/lidar' at time 33.400 for reason 'discarding message because the queue is full'
[INFO] [1741789590.222812683] [rviz]: Message Filter dropping message: frame 'ackermann_model/lidar/lidar' at time 33.500 for reason 'discarding message because the queue is full'
[INFO] [1741789590.414595593] [rviz]: Message Filter dropping message: frame 'ackermann_model/lidar/lidar' at time 33.600 for reason 'discarding message because the queue is full'
[INFO] [1741789590.606340448] [rviz]: Message Filter dropping message: frame 'ackermann_model/lidar/lidar' at time 33.700 for reason 'discarding message because the queue is full'
[INFO] [1741789590.798220309] [rviz]: Message Filter dropping message: frame 'ackermann_model/lidar/lidar' at time 33.800 for reason 'discarding message because the queue is full'
[INFO] [1741789590.989904057] [rviz]: Message Filter dropping message: frame 'ackermann_model/lidar/lidar' at time 33.900 for reason 'discarding message because the queue is full'
[INFO] [1741789591.150703241] [rviz]: Message Filter dropping message: frame 'ackermann_model/lidar/lidar' at time 34.000 for reason 'discarding message because the queue is full'
[INFO] [1741789591.342291549] [rviz]: Message Filter dropping message: frame 'ackermann_model/lidar/lidar' at time 34.100 for reason 'discarding message because the queue is full'
[INFO] [1741789591.533996400] [rviz]: Message Filter dropping message: frame 'ackermann_model/lidar/lidar' at time 34.200 for reason 'discarding message because the queue is full'
[INFO] [1741789591.694643328] [rviz]: Message Filter dropping message: frame 'ackermann_model/lidar/lidar' at time 34.300 for reason 'discarding message because the queue is full'
[INFO] [1741789591.854480566] [rviz]: Message Filter dropping message: frame 'ackermann_model/lidar/lidar' at time 34.400 for reason 'discarding message because the queue is full'
[INFO] [1741789592.046451644] [rviz]: Message Filter dropping message: frame 'ackermann_model/lidar/lidar' at time 34.500 for reason 'discarding message because the queue is full'
[INFO] [1741789592.238379814] [rviz]: Message Filter dropping message: frame 'ackermann_model/lidar/lidar' at time 34.600 for reason 'discarding message because the queue is full'
[INFO] [1741789592.397793770] [rviz]: Message Filter dropping message: frame 'ackermann_model/lidar/lidar' at time 34.700 for reason 'discarding message because the queue is full'
[INFO] [1741789592.558045443] [rviz]: Message Filter dropping message: frame 'ackermann_model/lidar/lidar' at time 34.800 for reason 'discarding message because the queue is full'
[INFO] [1741789592.718745367] [rviz]: Message Filter dropping message: frame 'ackermann_model/lidar/lidar' at time 34.900 for reason 'discarding message because the queue is full'
[INFO] [1741789592.910075859] [rviz]: Message Filter dropping message: frame 'ackermann_model/lidar/lidar' at time 35.000 for reason 'discarding message because the queue is full'
[INFO] [1741789593.070237928] [rviz]: Message Filter dropping message: frame 'ackermann_model/lidar/lidar' at time 35.100 for reason 'discarding message because the queue is full'
[INFO] [1741789593.261681139] [rviz]: Message Filter dropping message: frame 'ackermann_model/lidar/lidar' at time 35.200 for reason 'discarding message because the queue is full'
[INFO] [1741789593.422247548] [rviz]: Message Filter dropping message: frame 'ackermann_model/lidar/lidar' at time 35.300 for reason 'discarding message because the queue is full'
[INFO] [1741789593.613780039] [rviz]: Message Filter dropping message: frame 'ackermann_model/lidar/lidar' at time 35.400 for reason 'discarding message because the queue is full'
[INFO] [1741789593.774412294] [rviz]: Message Filter dropping message: frame 'ackermann_model/lidar/lidar' at time 35.500 for reason 'discarding message because the queue is full'
[INFO] [1741789593.965804043] [rviz]: Message Filter dropping message: frame 'ackermann_model/lidar/lidar' at time 35.600 for reason 'discarding message because the queue is full'
[INFO] [1741789594.125663122] [rviz]: Message Filter dropping message: frame 'ackermann_model/lidar/lidar' at time 35.700 for reason 'discarding message because the queue is full'
[INFO] [1741789594.317740662] [rviz]: Message Filter dropping message: frame 'ackermann_model/lidar/lidar' at time 35.800 for reason 'discarding message because the queue is full'
[INFO] [1741789594.478300498] [rviz]: Message Filter dropping message: frame 'ackermann_model/lidar/lidar' at time 35.900 for reason 'discarding message because the queue is full'
[INFO] [1741789594.670712253] [rviz]: Message Filter dropping message: frame 'ackermann_model/lidar/lidar' at time 36.000 for reason 'discarding message because the queue is full'
[INFO] [1741789594.830594114] [rviz]: Message Filter dropping message: frame 'ackermann_model/lidar/lidar' at time 36.100 for reason 'discarding message because the queue is full'
[INFO] [1741789595.022528085] [rviz]: Message Filter dropping message: frame 'ackermann_model/lidar/lidar' at time 36.200 for reason 'discarding message because the queue is full'
[INFO] [1741789595.182109140] [rviz]: Message Filter dropping message: frame 'ackermann_model/lidar/lidar' at time 36.300 for reason 'discarding message because the queue is full'
[INFO] [1741789595.342678329] [rviz]: Message Filter dropping message: frame 'ackermann_model/lidar/lidar' at time 36.400 for reason 'discarding message because the queue is full'
[INFO] [1741789595.534564727] [rviz]: Message Filter dropping message: frame 'ackermann_model/lidar/lidar' at time 36.500 for reason 'discarding message because the queue is full'
[INFO] [1741789595.726472555] [rviz]: Message Filter dropping message: frame 'ackermann_model/lidar/lidar' at time 36.600 for reason 'discarding message because the queue is full'
[INFO] [1741789595.886565902] [rviz]: Message Filter dropping message: frame 'ackermann_model/lidar/lidar' at time 36.700 for reason 'discarding message because the queue is full'
[INFO] [1741789596.046215576] [rviz]: Message Filter dropping message: frame 'ackermann_model/lidar/lidar' at time 36.800 for reason 'discarding message because the queue is full'
[INFO] [1741789596.270162691] [rviz]: Message Filter dropping message: frame 'ackermann_model/lidar/lidar' at time 36.900 for reason 'discarding message because the queue is full'
[INFO] [1741789596.462278925] [rviz]: Message Filter dropping message: frame 'ackermann_model/lidar/lidar' at time 37.000 for reason 'discarding message because the queue is full'
[INFO] [1741789596.654245527] [rviz]: Message Filter dropping message: frame 'ackermann_model/lidar/lidar' at time 37.100 for reason 'discarding message because the queue is full'
[INFO] [1741789596.878388341] [rviz]: Message Filter dropping message: frame 'ackermann_model/lidar/lidar' at time 37.200 for reason 'discarding message because the queue is full'
[INFO] [1741789597.070489512] [rviz]: Message Filter dropping message: frame 'ackermann_model/lidar/lidar' at time 37.300 for reason 'discarding message because the queue is full'
[INFO] [1741789597.294758322] [rviz]: Message Filter dropping message: frame 'ackermann_model/lidar/lidar' at time 37.400 for reason 'discarding message because the queue is full'
[INFO] [1741789597.486238685] [rviz]: Message Filter dropping message: frame 'ackermann_model/lidar/lidar' at time 37.500 for reason 'discarding message because the queue is full'
[INFO] [1741789597.645865680] [rviz]: Message Filter dropping message: frame 'ackermann_model/lidar/lidar' at time 37.600 for reason 'discarding message because the queue is full'
[INFO] [1741789597.806809486] [rviz]: Message Filter dropping message: frame 'ackermann_model/lidar/lidar' at time 37.700 for reason 'discarding message because the queue is full'
[INFO] [1741789597.998506852] [rviz]: Message Filter dropping message: frame 'ackermann_model/lidar/lidar' at time 37.800 for reason 'discarding message because the queue is full'
[INFO] [1741789598.190048054] [rviz]: Message Filter dropping message: frame 'ackermann_model/lidar/lidar' at time 37.900 for reason 'discarding message because the queue is full'
[INFO] [1741789598.349895385] [rviz]: Message Filter dropping message: frame 'ackermann_model/lidar/lidar' at time 38.000 for reason 'discarding message because the queue is full'
[INFO] [1741789598.542317003] [rviz]: Message Filter dropping message: frame 'ackermann_model/lidar/lidar' at time 38.100 for reason 'discarding message because the queue is full'
[INFO] [1741789598.765812625] [rviz]: Message Filter dropping message: frame 'ackermann_model/lidar/lidar' at time 38.200 for reason 'discarding message because the queue is full'
[INFO] [1741789598.989838219] [rviz]: Message Filter dropping message: frame 'ackermann_model/lidar/lidar' at time 38.300 for reason 'discarding message because the queue is full'
[INFO] [1741789599.181954951] [rviz]: Message Filter dropping message: frame 'ackermann_model/lidar/lidar' at time 38.400 for reason 'discarding message because the queue is full'
[INFO] [1741789599.374017542] [rviz]: Message Filter dropping message: frame 'ackermann_model/lidar/lidar' at time 38.500 for reason 'discarding message because the queue is full'
[INFO] [1741789599.597667432] [rviz]: Message Filter dropping message: frame 'ackermann_model/lidar/lidar' at time 38.600 for reason 'discarding message because the queue is full'
[INFO] [1741789599.757783562] [rviz]: Message Filter dropping message: frame 'ackermann_model/lidar/lidar' at time 38.700 for reason 'discarding message because the queue is full'
[INFO] [1741789599.918200341] [rviz]: Message Filter dropping message: frame 'ackermann_model/lidar/lidar' at time 38.800 for reason 'discarding message because the queue is full'
[INFO] [1741789600.078186583] [rviz]: Message Filter dropping message: frame 'ackermann_model/lidar/lidar' at time 38.900 for reason 'discarding message because the queue is full'
[INFO] [1741789600.238142702] [rviz]: Message Filter dropping message: frame 'ackermann_model/lidar/lidar' at time 39.000 for reason 'discarding message because the queue is full'
[INFO] [1741789600.429759776] [rviz]: Message Filter dropping message: frame 'ackermann_model/lidar/lidar' at time 39.100 for reason 'discarding message because the queue is full'
[INFO] [1741789600.589688917] [rviz]: Message Filter dropping message: frame 'ackermann_model/lidar/lidar' at time 39.200 for reason 'discarding message because the queue is full'
[INFO] [1741789600.749871743] [rviz]: Message Filter dropping message: frame 'ackermann_model/lidar/lidar' at time 39.300 for reason 'discarding message because the queue is full'
[INFO] [1741789600.942767531] [rviz]: Message Filter dropping message: frame 'ackermann_model/lidar/lidar' at time 39.400 for reason 'discarding message because the queue is full'
[INFO] [1741789601.134113437] [rviz]: Message Filter dropping message: frame 'ackermann_model/lidar/lidar' at time 39.500 for reason 'discarding message because the queue is full'
[INFO] [1741789601.294252019] [rviz]: Message Filter dropping message: frame 'ackermann_model/lidar/lidar' at time 39.600 for reason 'discarding message because the queue is full'
[INFO] [1741789601.485917132] [rviz]: Message Filter dropping message: frame 'ackermann_model/lidar/lidar' at time 39.700 for reason 'discarding message because the queue is full'
[INFO] [1741789601.678002134] [rviz]: Message Filter dropping message: frame 'ackermann_model/lidar/lidar' at time 39.800 for reason 'discarding message because the queue is full'
[INFO] [1741789601.838624793] [rviz]: Message Filter dropping message: frame 'ackermann_model/lidar/lidar' at time 39.900 for reason 'discarding message because the queue is full'
[INFO] [1741789601.997935963] [rviz]: Message Filter dropping message: frame 'ackermann_model/lidar/lidar' at time 40.000 for reason 'discarding message because the queue is full'
[INFO] [1741789602.158139904] [rviz]: Message Filter dropping message: frame 'ackermann_model/lidar/lidar' at time 40.100 for reason 'discarding message because the queue is full'
[INFO] [1741789602.349859646] [rviz]: Message Filter dropping message: frame 'ackermann_model/lidar/lidar' at time 40.200 for reason 'discarding message because the queue is full'
[INFO] [1741789602.509920662] [rviz]: Message Filter dropping message: frame 'ackermann_model/lidar/lidar' at time 40.300 for reason 'discarding message because the queue is full'
[INFO] [1741789602.669798396] [rviz]: Message Filter dropping message: frame 'ackermann_model/lidar/lidar' at time 40.400 for reason 'discarding message because the queue is full'
[INFO] [1741789602.862096920] [rviz]: Message Filter dropping message: frame 'ackermann_model/lidar/lidar' at time 40.500 for reason 'discarding message because the queue is full'
[INFO] [1741789603.054371460] [rviz]: Message Filter dropping message: frame 'ackermann_model/lidar/lidar' at time 40.600 for reason 'discarding message because the queue is full'
[INFO] [1741789603.213897366] [rviz]: Message Filter dropping message: frame 'ackermann_model/lidar/lidar' at time 40.700 for reason 'discarding message because the queue is full'
[INFO] [1741789603.373928678] [rviz]: Message Filter dropping message: frame 'ackermann_model/lidar/lidar' at time 40.800 for reason 'discarding message because the queue is full'
[INFO] [1741789603.533985639] [rviz]: Message Filter dropping message: frame 'ackermann_model/lidar/lidar' at time 40.900 for reason 'discarding message because the queue is full'
[INFO] [1741789603.758087622] [rviz]: Message Filter dropping message: frame 'ackermann_model/lidar/lidar' at time 41.000 for reason 'discarding message because the queue is full'
[INFO] [1741789603.918376297] [rviz]: Message Filter dropping message: frame 'ackermann_model/lidar/lidar' at time 41.100 for reason 'discarding message because the queue is full'
[INFO] [1741789604.078237483] [rviz]: Message Filter dropping message: frame 'ackermann_model/lidar/lidar' at time 41.200 for reason 'discarding message because the queue is full'
[INFO] [1741789604.238465041] [rviz]: Message Filter dropping message: frame 'ackermann_model/lidar/lidar' at time 41.300 for reason 'discarding message because the queue is full'
[INFO] [1741789604.430267305] [rviz]: Message Filter dropping message: frame 'ackermann_model/lidar/lidar' at time 41.400 for reason 'discarding message because the queue is full'
[INFO] [1741789604.622239322] [rviz]: Message Filter dropping message: frame 'ackermann_model/lidar/lidar' at time 41.500 for reason 'discarding message because the queue is full'
[INFO] [1741789604.782359371] [rviz]: Message Filter dropping message: frame 'ackermann_model/lidar/lidar' at time 41.600 for reason 'discarding message because the queue is full'
[INFO] [1741789604.941979070] [rviz]: Message Filter dropping message: frame 'ackermann_model/lidar/lidar' at time 41.700 for reason 'discarding message because the queue is full'
[INFO] [1741789605.166345146] [rviz]: Message Filter dropping message: frame 'ackermann_model/lidar/lidar' at time 41.800 for reason 'discarding message because the queue is full'
[INFO] [1741789605.326157211] [rviz]: Message Filter dropping message: frame 'ackermann_model/lidar/lidar' at time 41.900 for reason 'discarding message because the queue is full'
[INFO] [1741789605.518051021] [rviz]: Message Filter dropping message: frame 'ackermann_model/lidar/lidar' at time 42.000 for reason 'discarding message because the queue is full'
[INFO] [1741789605.710287604] [rviz]: Message Filter dropping message: frame 'ackermann_model/lidar/lidar' at time 42.100 for reason 'discarding message because the queue is full'
[INFO] [1741789605.934345831] [rviz]: Message Filter dropping message: frame 'ackermann_model/lidar/lidar' at time 42.200 for reason 'discarding message because the queue is full'
[INFO] [1741789606.126709569] [rviz]: Message Filter dropping message: frame 'ackermann_model/lidar/lidar' at time 42.300 for reason 'discarding message because the queue is full'
[INFO] [1741789606.318188906] [rviz]: Message Filter dropping message: frame 'ackermann_model/lidar/lidar' at time 42.400 for reason 'discarding message because the queue is full'
[INFO] [1741789606.478397086] [rviz]: Message Filter dropping message: frame 'ackermann_model/lidar/lidar' at time 42.500 for reason 'discarding message because the queue is full'
[INFO] [1741789606.701851681] [rviz]: Message Filter dropping message: frame 'ackermann_model/lidar/lidar' at time 42.600 for reason 'discarding message because the queue is full'
[INFO] [1741789606.862619948] [rviz]: Message Filter dropping message: frame 'ackermann_model/lidar/lidar' at time 42.700 for reason 'discarding message because the queue is full'
[INFO] [1741789607.053815658] [rviz]: Message Filter dropping message: frame 'ackermann_model/lidar/lidar' at time 42.800 for reason 'discarding message because the queue is full'
[INFO] [1741789607.214001869] [rviz]: Message Filter dropping message: frame 'ackermann_model/lidar/lidar' at time 42.900 for reason 'discarding message because the queue is full'
[INFO] [1741789607.406644589] [rviz]: Message Filter dropping message: frame 'ackermann_model/lidar/lidar' at time 43.000 for reason 'discarding message because the queue is full'
[INFO] [1741789607.598410944] [rviz]: Message Filter dropping message: frame 'ackermann_model/lidar/lidar' at time 43.100 for reason 'discarding message because the queue is full'
[INFO] [1741789607.790577553] [rviz]: Message Filter dropping message: frame 'ackermann_model/lidar/lidar' at time 43.200 for reason 'discarding message because the queue is full'
[INFO] [1741789607.949892313] [rviz]: Message Filter dropping message: frame 'ackermann_model/lidar/lidar' at time 43.300 for reason 'discarding message because the queue is full'
[INFO] [1741789608.142330842] [rviz]: Message Filter dropping message: frame 'ackermann_model/lidar/lidar' at time 43.400 for reason 'discarding message because the queue is full'
[INFO] [1741789608.334350055] [rviz]: Message Filter dropping message: frame 'ackermann_model/lidar/lidar' at time 43.500 for reason 'discarding message because the queue is full'
[INFO] [1741789608.494057134] [rviz]: Message Filter dropping message: frame 'ackermann_model/lidar/lidar' at time 43.600 for reason 'discarding message because the queue is full'
[INFO] [1741789608.686422039] [rviz]: Message Filter dropping message: frame 'ackermann_model/lidar/lidar' at time 43.700 for reason 'discarding message because the queue is full'
[INFO] [1741789608.878561865] [rviz]: Message Filter dropping message: frame 'ackermann_model/lidar/lidar' at time 43.800 for reason 'discarding message because the queue is full'
[INFO] [1741789609.069786287] [rviz]: Message Filter dropping message: frame 'ackermann_model/lidar/lidar' at time 43.900 for reason 'discarding message because the queue is full'
[INFO] [1741789609.230407558] [rviz]: Message Filter dropping message: frame 'ackermann_model/lidar/lidar' at time 44.000 for reason 'discarding message because the queue is full'
[INFO] [1741789609.421806564] [rviz]: Message Filter dropping message: frame 'ackermann_model/lidar/lidar' at time 44.100 for reason 'discarding message because the queue is full'
[INFO] [1741789609.614499619] [rviz]: Message Filter dropping message: frame 'ackermann_model/lidar/lidar' at time 44.200 for reason 'discarding message because the queue is full'
[INFO] [1741789609.805953097] [rviz]: Message Filter dropping message: frame 'ackermann_model/lidar/lidar' at time 44.300 for reason 'discarding message because the queue is full'
[INFO] [1741789609.998086783] [rviz]: Message Filter dropping message: frame 'ackermann_model/lidar/lidar' at time 44.400 for reason 'discarding message because the queue is full'
[INFO] [1741789610.190793689] [rviz]: Message Filter dropping message: frame 'ackermann_model/lidar/lidar' at time 44.500 for reason 'discarding message because the queue is full'
[INFO] [1741789610.382323546] [rviz]: Message Filter dropping message: frame 'ackermann_model/lidar/lidar' at time 44.600 for reason 'discarding message because the queue is full'
[INFO] [1741789610.574104931] [rviz]: Message Filter dropping message: frame 'ackermann_model/lidar/lidar' at time 44.700 for reason 'discarding message because the queue is full'
[INFO] [1741789610.734343467] [rviz]: Message Filter dropping message: frame 'ackermann_model/lidar/lidar' at time 44.800 for reason 'discarding message because the queue is full'
[INFO] [1741789610.926043536] [rviz]: Message Filter dropping message: frame 'ackermann_model/lidar/lidar' at time 44.900 for reason 'discarding message because the queue is full'
[INFO] [1741789611.150493713] [rviz]: Message Filter dropping message: frame 'ackermann_model/lidar/lidar' at time 45.000 for reason 'discarding message because the queue is full'
[INFO] [1741789611.310843092] [rviz]: Message Filter dropping message: frame 'ackermann_model/lidar/lidar' at time 45.100 for reason 'discarding message because the queue is full'
[INFO] [1741789611.502342625] [rviz]: Message Filter dropping message: frame 'ackermann_model/lidar/lidar' at time 45.200 for reason 'discarding message because the queue is full'
[INFO] [1741789611.693739313] [rviz]: Message Filter dropping message: frame 'ackermann_model/lidar/lidar' at time 45.300 for reason 'discarding message because the queue is full'
[INFO] [1741789611.886505187] [rviz]: Message Filter dropping message: frame 'ackermann_model/lidar/lidar' at time 45.400 for reason 'discarding message because the queue is full'
[INFO] [1741789612.045777983] [rviz]: Message Filter dropping message: frame 'ackermann_model/lidar/lidar' at time 45.500 for reason 'discarding message because the queue is full'
[INFO] [1741789612.238097388] [rviz]: Message Filter dropping message: frame 'ackermann_model/lidar/lidar' at time 45.600 for reason 'discarding message because the queue is full'
[INFO] [1741789612.430152545] [rviz]: Message Filter dropping message: frame 'ackermann_model/lidar/lidar' at time 45.700 for reason 'discarding message because the queue is full'
[INFO] [1741789612.622263912] [rviz]: Message Filter dropping message: frame 'ackermann_model/lidar/lidar' at time 45.800 for reason 'discarding message because the queue is full'
[INFO] [1741789612.814295881] [rviz]: Message Filter dropping message: frame 'ackermann_model/lidar/lidar' at time 45.900 for reason 'discarding message because the queue is full'
[INFO] [1741789612.973895382] [rviz]: Message Filter dropping message: frame 'ackermann_model/lidar/lidar' at time 46.000 for reason 'discarding message because the queue is full'
[INFO] [1741789613.166991030] [rviz]: Message Filter dropping message: frame 'ackermann_model/lidar/lidar' at time 46.100 for reason 'discarding message because the queue is full'
[INFO] [1741789613.358501575] [rviz]: Message Filter dropping message: frame 'ackermann_model/lidar/lidar' at time 46.200 for reason 'discarding message because the queue is full'
[INFO] [1741789613.550212110] [rviz]: Message Filter dropping message: frame 'ackermann_model/lidar/lidar' at time 46.300 for reason 'discarding message because the queue is full'
[INFO] [1741789613.742664088] [rviz]: Message Filter dropping message: frame 'ackermann_model/lidar/lidar' at time 46.400 for reason 'discarding message because the queue is full'
[INFO] [1741789613.901876975] [rviz]: Message Filter dropping message: frame 'ackermann_model/lidar/lidar' at time 46.500 for reason 'discarding message because the queue is full'
[INFO] [1741789614.126170748] [rviz]: Message Filter dropping message: frame 'ackermann_model/lidar/lidar' at time 46.600 for reason 'discarding message because the queue is full'
[INFO] [1741789614.285908291] [rviz]: Message Filter dropping message: frame 'ackermann_model/lidar/lidar' at time 46.700 for reason 'discarding message because the queue is full'
[INFO] [1741789614.478025530] [rviz]: Message Filter dropping message: frame 'ackermann_model/lidar/lidar' at time 46.800 for reason 'discarding message because the queue is full'
[INFO] [1741789614.670822524] [rviz]: Message Filter dropping message: frame 'ackermann_model/lidar/lidar' at time 46.900 for reason 'discarding message because the queue is full'
[INFO] [1741789614.894816555] [rviz]: Message Filter dropping message: frame 'ackermann_model/lidar/lidar' at time 47.000 for reason 'discarding message because the queue is full'
[INFO] [1741789615.054422465] [rviz]: Message Filter dropping message: frame 'ackermann_model/lidar/lidar' at time 47.100 for reason 'discarding message because the queue is full'
[INFO] [1741789615.246046996] [rviz]: Message Filter dropping message: frame 'ackermann_model/lidar/lidar' at time 47.200 for reason 'discarding message because the queue is full'
[INFO] [1741789615.438091471] [rviz]: Message Filter dropping message: frame 'ackermann_model/lidar/lidar' at time 47.300 for reason 'discarding message because the queue is full'
[INFO] [1741789615.630614899] [rviz]: Message Filter dropping message: frame 'ackermann_model/lidar/lidar' at time 47.400 for reason 'discarding message because the queue is full'
[INFO] [1741789615.822298006] [rviz]: Message Filter dropping message: frame 'ackermann_model/lidar/lidar' at time 47.500 for reason 'discarding message because the queue is full'
[INFO] [1741789617.112698701] [rviz]: Message Filter dropping message: frame 'ackermann_model/lidar/lidar' at time 47.600 for reason 'discarding message because the queue is full'
[INFO] [1741789617.303832440] [rviz]: Message Filter dropping message: frame 'ackermann_model/lidar/lidar' at time 47.700 for reason 'discarding message because the queue is full'
[INFO] [1741789617.528336169] [rviz]: Message Filter dropping message: frame 'ackermann_model/lidar/lidar' at time 47.800 for reason 'discarding message because the queue is full'
[INFO] [1741789617.688497857] [rviz]: Message Filter dropping message: frame 'ackermann_model/lidar/lidar' at time 47.900 for reason 'discarding message because the queue is full'
[INFO] [1741789617.880063901] [rviz]: Message Filter dropping message: frame 'ackermann_model/lidar/lidar' at time 48.000 for reason 'discarding message because the queue is full'
[INFO] [1741789618.072091077] [rviz]: Message Filter dropping message: frame 'ackermann_model/lidar/lidar' at time 48.100 for reason 'discarding message because the queue is full'
[INFO] [1741789618.264592946] [rviz]: Message Filter dropping message: frame 'ackermann_model/lidar/lidar' at time 48.200 for reason 'discarding message because the queue is full'
[INFO] [1741789618.456167335] [rviz]: Message Filter dropping message: frame 'ackermann_model/lidar/lidar' at time 48.300 for reason 'discarding message because the queue is full'
[INFO] [1741789618.616264780] [rviz]: Message Filter dropping message: frame 'ackermann_model/lidar/lidar' at time 48.400 for reason 'discarding message because the queue is full'
[INFO] [1741789618.808063637] [rviz]: Message Filter dropping message: frame 'ackermann_model/lidar/lidar' at time 48.500 for reason 'discarding message because the queue is full'
[INFO] [1741789619.032671143] [rviz]: Message Filter dropping message: frame 'ackermann_model/lidar/lidar' at time 48.600 for reason 'discarding message because the queue is full'
[INFO] [1741789619.191822949] [rviz]: Message Filter dropping message: frame 'ackermann_model/lidar/lidar' at time 48.700 for reason 'discarding message because the queue is full'
[INFO] [1741789619.384772850] [rviz]: Message Filter dropping message: frame 'ackermann_model/lidar/lidar' at time 48.800 for reason 'discarding message because the queue is full'
[INFO] [1741789619.576228402] [rviz]: Message Filter dropping message: frame 'ackermann_model/lidar/lidar' at time 48.900 for reason 'discarding message because the queue is full'
[INFO] [1741789619.799969190] [rviz]: Message Filter dropping message: frame 'ackermann_model/lidar/lidar' at time 49.000 for reason 'discarding message because the queue is full'
[INFO] [1741789619.959866384] [rviz]: Message Filter dropping message: frame 'ackermann_model/lidar/lidar' at time 49.100 for reason 'discarding message because the queue is full'
[INFO] [1741789620.152092108] [rviz]: Message Filter dropping message: frame 'ackermann_model/lidar/lidar' at time 49.200 for reason 'discarding message because the queue is full'
[INFO] [1741789620.311786463] [rviz]: Message Filter dropping message: frame 'ackermann_model/lidar/lidar' at time 49.300 for reason 'discarding message because the queue is full'
[INFO] [1741789620.535769651] [rviz]: Message Filter dropping message: frame 'ackermann_model/lidar/lidar' at time 49.400 for reason 'discarding message because the queue is full'
[INFO] [1741789620.728479421] [rviz]: Message Filter dropping message: frame 'ackermann_model/lidar/lidar' at time 49.500 for reason 'discarding message because the queue is full'
[INFO] [1741789620.919971666] [rviz]: Message Filter dropping message: frame 'ackermann_model/lidar/lidar' at time 49.600 for reason 'discarding message because the queue is full'
[INFO] [1741789621.112572639] [rviz]: Message Filter dropping message: frame 'ackermann_model/lidar/lidar' at time 49.700 for reason 'discarding message because the queue is full'
[INFO] [1741789621.335733390] [rviz]: Message Filter dropping message: frame 'ackermann_model/lidar/lidar' at time 49.800 for reason 'discarding message because the queue is full'
[INFO] [1741789621.528215953] [rviz]: Message Filter dropping message: frame 'ackermann_model/lidar/lidar' at time 49.900 for reason 'discarding message because the queue is full'
[INFO] [1741789621.720145132] [rviz]: Message Filter dropping message: frame 'ackermann_model/lidar/lidar' at time 50.000 for reason 'discarding message because the queue is full'
[INFO] [1741789621.975954299] [rviz]: Message Filter dropping message: frame 'ackermann_model/lidar/lidar' at time 50.100 for reason 'discarding message because the queue is full'
[INFO] [1741789622.231709049] [rviz]: Message Filter dropping message: frame 'ackermann_model/lidar/lidar' at time 50.200 for reason 'discarding message because the queue is full'
[INFO] [1741789622.392688747] [rviz]: Message Filter dropping message: frame 'ackermann_model/lidar/lidar' at time 50.300 for reason 'discarding message because the queue is full'
[INFO] [1741789622.584638619] [rviz]: Message Filter dropping message: frame 'ackermann_model/lidar/lidar' at time 50.400 for reason 'discarding message because the queue is full'
[INFO] [1741789622.776155468] [rviz]: Message Filter dropping message: frame 'ackermann_model/lidar/lidar' at time 50.500 for reason 'discarding message because the queue is full'
[INFO] [1741789622.967894623] [rviz]: Message Filter dropping message: frame 'ackermann_model/lidar/lidar' at time 50.600 for reason 'discarding message because the queue is full'
[INFO] [1741789623.127929642] [rviz]: Message Filter dropping message: frame 'ackermann_model/lidar/lidar' at time 50.700 for reason 'discarding message because the queue is full'
[INFO] [1741789623.288422910] [rviz]: Message Filter dropping message: frame 'ackermann_model/lidar/lidar' at time 50.800 for reason 'discarding message because the queue is full'
[INFO] [1741789623.448411050] [rviz]: Message Filter dropping message: frame 'ackermann_model/lidar/lidar' at time 50.900 for reason 'discarding message because the queue is full'
[INFO] [1741789623.640048391] [rviz]: Message Filter dropping message: frame 'ackermann_model/lidar/lidar' at time 51.000 for reason 'discarding message because the queue is full'
[INFO] [1741789623.800278684] [rviz]: Message Filter dropping message: frame 'ackermann_model/lidar/lidar' at time 51.100 for reason 'discarding message because the queue is full'
[INFO] [1741789623.992510875] [rviz]: Message Filter dropping message: frame 'ackermann_model/lidar/lidar' at time 51.200 for reason 'discarding message because the queue is full'
[INFO] [1741789624.183834980] [rviz]: Message Filter dropping message: frame 'ackermann_model/lidar/lidar' at time 51.300 for reason 'discarding message because the queue is full'
[INFO] [1741789624.408626715] [rviz]: Message Filter dropping message: frame 'ackermann_model/lidar/lidar' at time 51.400 for reason 'discarding message because the queue is full'
[INFO] [1741789624.599907861] [rviz]: Message Filter dropping message: frame 'ackermann_model/lidar/lidar' at time 51.500 for reason 'discarding message because the queue is full'
[INFO] [1741789624.792042303] [rviz]: Message Filter dropping message: frame 'ackermann_model/lidar/lidar' at time 51.600 for reason 'discarding message because the queue is full'
[INFO] [1741789624.984133808] [rviz]: Message Filter dropping message: frame 'ackermann_model/lidar/lidar' at time 51.700 for reason 'discarding message because the queue is full'
[INFO] [1741789625.176062462] [rviz]: Message Filter dropping message: frame 'ackermann_model/lidar/lidar' at time 51.800 for reason 'discarding message because the queue is full'
[INFO] [1741789625.368472447] [rviz]: Message Filter dropping message: frame 'ackermann_model/lidar/lidar' at time 51.900 for reason 'discarding message because the queue is full'
[INFO] [1741789625.559954007] [rviz]: Message Filter dropping message: frame 'ackermann_model/lidar/lidar' at time 52.000 for reason 'discarding message because the queue is full'
[INFO] [1741789625.752331440] [rviz]: Message Filter dropping message: frame 'ackermann_model/lidar/lidar' at time 52.100 for reason 'discarding message because the queue is full'
[INFO] [1741789625.944287690] [rviz]: Message Filter dropping message: frame 'ackermann_model/lidar/lidar' at time 52.200 for reason 'discarding message because the queue is full'
[INFO] [1741789626.167822362] [rviz]: Message Filter dropping message: frame 'ackermann_model/lidar/lidar' at time 52.300 for reason 'discarding message because the queue is full'
[INFO] [1741789626.360662022] [rviz]: Message Filter dropping message: frame 'ackermann_model/lidar/lidar' at time 52.400 for reason 'discarding message because the queue is full'
[INFO] [1741789626.520260638] [rviz]: Message Filter dropping message: frame 'ackermann_model/lidar/lidar' at time 52.500 for reason 'discarding message because the queue is full'
[INFO] [1741789626.744015896] [rviz]: Message Filter dropping message: frame 'ackermann_model/lidar/lidar' at time 52.600 for reason 'discarding message because the queue is full'
[INFO] [1741789626.935689340] [rviz]: Message Filter dropping message: frame 'ackermann_model/lidar/lidar' at time 52.700 for reason 'discarding message because the queue is full'
[INFO] [1741789627.128014662] [rviz]: Message Filter dropping message: frame 'ackermann_model/lidar/lidar' at time 52.800 for reason 'discarding message because the queue is full'
[INFO] [1741789627.319838729] [rviz]: Message Filter dropping message: frame 'ackermann_model/lidar/lidar' at time 52.900 for reason 'discarding message because the queue is full'
[INFO] [1741789627.512387485] [rviz]: Message Filter dropping message: frame 'ackermann_model/lidar/lidar' at time 53.000 for reason 'discarding message because the queue is full'
[INFO] [1741789627.703858848] [rviz]: Message Filter dropping message: frame 'ackermann_model/lidar/lidar' at time 53.100 for reason 'discarding message because the queue is full'
[INFO] [1741789627.928165398] [rviz]: Message Filter dropping message: frame 'ackermann_model/lidar/lidar' at time 53.200 for reason 'discarding message because the queue is full'
[INFO] [1741789628.120804158] [rviz]: Message Filter dropping message: frame 'ackermann_model/lidar/lidar' at time 53.300 for reason 'discarding message because the queue is full'
[INFO] [1741789628.376146818] [rviz]: Message Filter dropping message: frame 'ackermann_model/lidar/lidar' at time 53.400 for reason 'discarding message because the queue is full'
[INFO] [1741789628.567998389] [rviz]: Message Filter dropping message: frame 'ackermann_model/lidar/lidar' at time 53.500 for reason 'discarding message because the queue is full'
[INFO] [1741789628.760451741] [rviz]: Message Filter dropping message: frame 'ackermann_model/lidar/lidar' at time 53.600 for reason 'discarding message because the queue is full'
[INFO] [1741789628.952257347] [rviz]: Message Filter dropping message: frame 'ackermann_model/lidar/lidar' at time 53.700 for reason 'discarding message because the queue is full'
[INFO] [1741789629.176206210] [rviz]: Message Filter dropping message: frame 'ackermann_model/lidar/lidar' at time 53.800 for reason 'discarding message because the queue is full'
[INFO] [1741789629.368473550] [rviz]: Message Filter dropping message: frame 'ackermann_model/lidar/lidar' at time 53.900 for reason 'discarding message because the queue is full'
[INFO] [1741789629.560307242] [rviz]: Message Filter dropping message: frame 'ackermann_model/lidar/lidar' at time 54.000 for reason 'discarding message because the queue is full'
[INFO] [1741789629.752388451] [rviz]: Message Filter dropping message: frame 'ackermann_model/lidar/lidar' at time 54.100 for reason 'discarding message because the queue is full'
[INFO] [1741789629.976303192] [rviz]: Message Filter dropping message: frame 'ackermann_model/lidar/lidar' at time 54.200 for reason 'discarding message because the queue is full'
[INFO] [1741789630.168115560] [rviz]: Message Filter dropping message: frame 'ackermann_model/lidar/lidar' at time 54.300 for reason 'discarding message because the queue is full'
[INFO] [1741789630.360070954] [rviz]: Message Filter dropping message: frame 'ackermann_model/lidar/lidar' at time 54.400 for reason 'discarding message because the queue is full'
[INFO] [1741789630.584711696] [rviz]: Message Filter dropping message: frame 'ackermann_model/lidar/lidar' at time 54.500 for reason 'discarding message because the queue is full'
[INFO] [1741789630.808306959] [rviz]: Message Filter dropping message: frame 'ackermann_model/lidar/lidar' at time 54.600 for reason 'discarding message because the queue is full'
[INFO] [1741789631.000077047] [rviz]: Message Filter dropping message: frame 'ackermann_model/lidar/lidar' at time 54.700 for reason 'discarding message because the queue is full'
[INFO] [1741789631.224159534] [rviz]: Message Filter dropping message: frame 'ackermann_model/lidar/lidar' at time 54.800 for reason 'discarding message because the queue is full'
[INFO] [1741789631.416070737] [rviz]: Message Filter dropping message: frame 'ackermann_model/lidar/lidar' at time 54.900 for reason 'discarding message because the queue is full'
[INFO] [1741789631.640394429] [rviz]: Message Filter dropping message: frame 'ackermann_model/lidar/lidar' at time 55.000 for reason 'discarding message because the queue is full'
[INFO] [1741789631.831991119] [rviz]: Message Filter dropping message: frame 'ackermann_model/lidar/lidar' at time 55.100 for reason 'discarding message because the queue is full'
[INFO] [1741789632.024798324] [rviz]: Message Filter dropping message: frame 'ackermann_model/lidar/lidar' at time 55.200 for reason 'discarding message because the queue is full'
[INFO] [1741789632.248309969] [rviz]: Message Filter dropping message: frame 'ackermann_model/lidar/lidar' at time 55.300 for reason 'discarding message because the queue is full'
[INFO] [1741789632.472339585] [rviz]: Message Filter dropping message: frame 'ackermann_model/lidar/lidar' at time 55.400 for reason 'discarding message because the queue is full'
[INFO] [1741789632.696492930] [rviz]: Message Filter dropping message: frame 'ackermann_model/lidar/lidar' at time 55.500 for reason 'discarding message because the queue is full'
[INFO] [1741789632.888602972] [rviz]: Message Filter dropping message: frame 'ackermann_model/lidar/lidar' at time 55.600 for reason 'discarding message because the queue is full'
[INFO] [1741789633.080534241] [rviz]: Message Filter dropping message: frame 'ackermann_model/lidar/lidar' at time 55.700 for reason 'discarding message because the queue is full'
[INFO] [1741789633.303851049] [rviz]: Message Filter dropping message: frame 'ackermann_model/lidar/lidar' at time 55.800 for reason 'discarding message because the queue is full'
[INFO] [1741789633.496510603] [rviz]: Message Filter dropping message: frame 'ackermann_model/lidar/lidar' at time 55.900 for reason 'discarding message because the queue is full'
[INFO] [1741789633.688485651] [rviz]: Message Filter dropping message: frame 'ackermann_model/lidar/lidar' at time 56.000 for reason 'discarding message because the queue is full'
[INFO] [1741789633.912960117] [rviz]: Message Filter dropping message: frame 'ackermann_model/lidar/lidar' at time 56.100 for reason 'discarding message because the queue is full'
[INFO] [1741789634.135744631] [rviz]: Message Filter dropping message: frame 'ackermann_model/lidar/lidar' at time 56.200 for reason 'discarding message because the queue is full'
[INFO] [1741789634.327985507] [rviz]: Message Filter dropping message: frame 'ackermann_model/lidar/lidar' at time 56.300 for reason 'discarding message because the queue is full'
[INFO] [1741789634.519923673] [rviz]: Message Filter dropping message: frame 'ackermann_model/lidar/lidar' at time 56.400 for reason 'discarding message because the queue is full'
[INFO] [1741789634.744490697] [rviz]: Message Filter dropping message: frame 'ackermann_model/lidar/lidar' at time 56.500 for reason 'discarding message because the queue is full'
[INFO] [1741789634.968368211] [rviz]: Message Filter dropping message: frame 'ackermann_model/lidar/lidar' at time 56.600 for reason 'discarding message because the queue is full'
[INFO] [1741789635.159704377] [rviz]: Message Filter dropping message: frame 'ackermann_model/lidar/lidar' at time 56.700 for reason 'discarding message because the queue is full'
[INFO] [1741789635.352783370] [rviz]: Message Filter dropping message: frame 'ackermann_model/lidar/lidar' at time 56.800 for reason 'discarding message because the queue is full'
[INFO] [1741789635.575936139] [rviz]: Message Filter dropping message: frame 'ackermann_model/lidar/lidar' at time 56.900 for reason 'discarding message because the queue is full'
[INFO] [1741789635.800210373] [rviz]: Message Filter dropping message: frame 'ackermann_model/lidar/lidar' at time 57.000 for reason 'discarding message because the queue is full'
[INFO] [1741789635.992307236] [rviz]: Message Filter dropping message: frame 'ackermann_model/lidar/lidar' at time 57.100 for reason 'discarding message because the queue is full'
[INFO] [1741789636.184244004] [rviz]: Message Filter dropping message: frame 'ackermann_model/lidar/lidar' at time 57.200 for reason 'discarding message because the queue is full'
[INFO] [1741789636.408324187] [rviz]: Message Filter dropping message: frame 'ackermann_model/lidar/lidar' at time 57.300 for reason 'discarding message because the queue is full'
[INFO] [1741789636.632518575] [rviz]: Message Filter dropping message: frame 'ackermann_model/lidar/lidar' at time 57.400 for reason 'discarding message because the queue is full'
[INFO] [1741789636.856715440] [rviz]: Message Filter dropping message: frame 'ackermann_model/lidar/lidar' at time 57.500 for reason 'discarding message because the queue is full'
[INFO] [1741789637.047961651] [rviz]: Message Filter dropping message: frame 'ackermann_model/lidar/lidar' at time 57.600 for reason 'discarding message because the queue is full'
[INFO] [1741789637.240454140] [rviz]: Message Filter dropping message: frame 'ackermann_model/lidar/lidar' at time 57.700 for reason 'discarding message because the queue is full'
[INFO] [1741789637.527735550] [rviz]: Message Filter dropping message: frame 'ackermann_model/lidar/lidar' at time 57.800 for reason 'discarding message because the queue is full'
[INFO] [1741789637.753026473] [rviz]: Message Filter dropping message: frame 'ackermann_model/lidar/lidar' at time 57.900 for reason 'discarding message because the queue is full'
[INFO] [1741789637.976185966] [rviz]: Message Filter dropping message: frame 'ackermann_model/lidar/lidar' at time 58.000 for reason 'discarding message because the queue is full'
[INFO] [1741789638.168537658] [rviz]: Message Filter dropping message: frame 'ackermann_model/lidar/lidar' at time 58.100 for reason 'discarding message because the queue is full'
[INFO] [1741789638.424042960] [rviz]: Message Filter dropping message: frame 'ackermann_model/lidar/lidar' at time 58.200 for reason 'discarding message because the queue is full'
[INFO] [1741789638.648003782] [rviz]: Message Filter dropping message: frame 'ackermann_model/lidar/lidar' at time 58.300 for reason 'discarding message because the queue is full'
[INFO] [1741789638.903927208] [rviz]: Message Filter dropping message: frame 'ackermann_model/lidar/lidar' at time 58.400 for reason 'discarding message because the queue is full'
[INFO] [1741789639.128332652] [rviz]: Message Filter dropping message: frame 'ackermann_model/lidar/lidar' at time 58.500 for reason 'discarding message because the queue is full'
[INFO] [1741789639.352287748] [rviz]: Message Filter dropping message: frame 'ackermann_model/lidar/lidar' at time 58.600 for reason 'discarding message because the queue is full'
[INFO] [1741789639.544130549] [rviz]: Message Filter dropping message: frame 'ackermann_model/lidar/lidar' at time 58.700 for reason 'discarding message because the queue is full'
[INFO] [1741789639.735993544] [rviz]: Message Filter dropping message: frame 'ackermann_model/lidar/lidar' at time 58.800 for reason 'discarding message because the queue is full'
[INFO] [1741789639.960628589] [rviz]: Message Filter dropping message: frame 'ackermann_model/lidar/lidar' at time 58.900 for reason 'discarding message because the queue is full'
[INFO] [1741789640.184731424] [rviz]: Message Filter dropping message: frame 'ackermann_model/lidar/lidar' at time 59.000 for reason 'discarding message because the queue is full'
[INFO] [1741789640.376485050] [rviz]: Message Filter dropping message: frame 'ackermann_model/lidar/lidar' at time 59.100 for reason 'discarding message because the queue is full'
[INFO] [1741789640.568079792] [rviz]: Message Filter dropping message: frame 'ackermann_model/lidar/lidar' at time 59.200 for reason 'discarding message because the queue is full'
[INFO] [1741789640.791831651] [rviz]: Message Filter dropping message: frame 'ackermann_model/lidar/lidar' at time 59.300 for reason 'discarding message because the queue is full'
[INFO] [1741789641.016655677] [rviz]: Message Filter dropping message: frame 'ackermann_model/lidar/lidar' at time 59.400 for reason 'discarding message because the queue is full'
[INFO] [1741789641.240086058] [rviz]: Message Filter dropping message: frame 'ackermann_model/lidar/lidar' at time 59.500 for reason 'discarding message because the queue is full'
[INFO] [1741789641.431825883] [rviz]: Message Filter dropping message: frame 'ackermann_model/lidar/lidar' at time 59.600 for reason 'discarding message because the queue is full'
[INFO] [1741789641.655912571] [rviz]: Message Filter dropping message: frame 'ackermann_model/lidar/lidar' at time 59.700 for reason 'discarding message because the queue is full'
[INFO] [1741789641.880535050] [rviz]: Message Filter dropping message: frame 'ackermann_model/lidar/lidar' at time 59.800 for reason 'discarding message because the queue is full'
[INFO] [1741789642.072952933] [rviz]: Message Filter dropping message: frame 'ackermann_model/lidar/lidar' at time 59.900 for reason 'discarding message because the queue is full'
[INFO] [1741789642.264076094] [rviz]: Message Filter dropping message: frame 'ackermann_model/lidar/lidar' at time 60.000 for reason 'discarding message because the queue is full'
[INFO] [1741789642.488122896] [rviz]: Message Filter dropping message: frame 'ackermann_model/lidar/lidar' at time 60.100 for reason 'discarding message because the queue is full'
[INFO] [1741789642.712256051] [rviz]: Message Filter dropping message: frame 'ackermann_model/lidar/lidar' at time 60.200 for reason 'discarding message because the queue is full'
[INFO] [1741789642.903978273] [rviz]: Message Filter dropping message: frame 'ackermann_model/lidar/lidar' at time 60.300 for reason 'discarding message because the queue is full'
[INFO] [1741789643.128608218] [rviz]: Message Filter dropping message: frame 'ackermann_model/lidar/lidar' at time 60.400 for reason 'discarding message because the queue is full'
[INFO] [1741789643.320393150] [rviz]: Message Filter dropping message: frame 'ackermann_model/lidar/lidar' at time 60.500 for reason 'discarding message because the queue is full'
[INFO] [1741789643.576063330] [rviz]: Message Filter dropping message: frame 'ackermann_model/lidar/lidar' at time 60.600 for reason 'discarding message because the queue is full'
[INFO] [1741789643.800748878] [rviz]: Message Filter dropping message: frame 'ackermann_model/lidar/lidar' at time 60.700 for reason 'discarding message because the queue is full'
[INFO] [1741789643.992610172] [rviz]: Message Filter dropping message: frame 'ackermann_model/lidar/lidar' at time 60.800 for reason 'discarding message because the queue is full'
[INFO] [1741789644.183780279] [rviz]: Message Filter dropping message: frame 'ackermann_model/lidar/lidar' at time 60.900 for reason 'discarding message because the queue is full'
[INFO] [1741789644.408344552] [rviz]: Message Filter dropping message: frame 'ackermann_model/lidar/lidar' at time 61.000 for reason 'discarding message because the queue is full'
[INFO] [1741789644.600575066] [rviz]: Message Filter dropping message: frame 'ackermann_model/lidar/lidar' at time 61.100 for reason 'discarding message because the queue is full'
[INFO] [1741789644.824253899] [rviz]: Message Filter dropping message: frame 'ackermann_model/lidar/lidar' at time 61.200 for reason 'discarding message because the queue is full'
[INFO] [1741789645.016540407] [rviz]: Message Filter dropping message: frame 'ackermann_model/lidar/lidar' at time 61.300 for reason 'discarding message because the queue is full'
[INFO] [1741789645.240799596] [rviz]: Message Filter dropping message: frame 'ackermann_model/lidar/lidar' at time 61.400 for reason 'discarding message because the queue is full'
[INFO] [1741789645.464340625] [rviz]: Message Filter dropping message: frame 'ackermann_model/lidar/lidar' at time 61.500 for reason 'discarding message because the queue is full'
[INFO] [1741789645.656623915] [rviz]: Message Filter dropping message: frame 'ackermann_model/lidar/lidar' at time 61.600 for reason 'discarding message because the queue is full'
[INFO] [1741789645.880146058] [rviz]: Message Filter dropping message: frame 'ackermann_model/lidar/lidar' at time 61.700 for reason 'discarding message because the queue is full'
[INFO] [1741789646.104448586] [rviz]: Message Filter dropping message: frame 'ackermann_model/lidar/lidar' at time 61.800 for reason 'discarding message because the queue is full'
[INFO] [1741789646.296885199] [rviz]: Message Filter dropping message: frame 'ackermann_model/lidar/lidar' at time 61.900 for reason 'discarding message because the queue is full'
[INFO] [1741789646.488625692] [rviz]: Message Filter dropping message: frame 'ackermann_model/lidar/lidar' at time 62.000 for reason 'discarding message because the queue is full'
[INFO] [1741789646.680057519] [rviz]: Message Filter dropping message: frame 'ackermann_model/lidar/lidar' at time 62.100 for reason 'discarding message because the queue is full'
[INFO] [1741789646.904318604] [rviz]: Message Filter dropping message: frame 'ackermann_model/lidar/lidar' at time 62.200 for reason 'discarding message because the queue is full'
[INFO] [1741789647.096568839] [rviz]: Message Filter dropping message: frame 'ackermann_model/lidar/lidar' at time 62.300 for reason 'discarding message because the queue is full'
[INFO] [1741789647.320003727] [rviz]: Message Filter dropping message: frame 'ackermann_model/lidar/lidar' at time 62.400 for reason 'discarding message because the queue is full'
[INFO] [1741789647.512752927] [rviz]: Message Filter dropping message: frame 'ackermann_model/lidar/lidar' at time 62.500 for reason 'discarding message because the queue is full'
[INFO] [1741789647.736145926] [rviz]: Message Filter dropping message: frame 'ackermann_model/lidar/lidar' at time 62.600 for reason 'discarding message because the queue is full'
[INFO] [1741789647.928441574] [rviz]: Message Filter dropping message: frame 'ackermann_model/lidar/lidar' at time 62.700 for reason 'discarding message because the queue is full'
[INFO] [1741789648.152273096] [rviz]: Message Filter dropping message: frame 'ackermann_model/lidar/lidar' at time 62.800 for reason 'discarding message because the queue is full'
[INFO] [1741789648.344799717] [rviz]: Message Filter dropping message: frame 'ackermann_model/lidar/lidar' at time 62.900 for reason 'discarding message because the queue is full'
[INFO] [1741789648.568319732] [rviz]: Message Filter dropping message: frame 'ackermann_model/lidar/lidar' at time 63.000 for reason 'discarding message because the queue is full'
[INFO] [1741789648.792710086] [rviz]: Message Filter dropping message: frame 'ackermann_model/lidar/lidar' at time 63.100 for reason 'discarding message because the queue is full'
[INFO] [1741789648.984452295] [rviz]: Message Filter dropping message: frame 'ackermann_model/lidar/lidar' at time 63.200 for reason 'discarding message because the queue is full'
[INFO] [1741789649.176540450] [rviz]: Message Filter dropping message: frame 'ackermann_model/lidar/lidar' at time 63.300 for reason 'discarding message because the queue is full'
[INFO] [1741789650.460560780] [rviz]: Message Filter dropping message: frame 'ackermann_model/lidar/lidar' at time 63.400 for reason 'discarding message because the queue is full'
[INFO] [1741789650.652420708] [rviz]: Message Filter dropping message: frame 'ackermann_model/lidar/lidar' at time 63.500 for reason 'discarding message because the queue is full'
[INFO] [1741789650.877228702] [rviz]: Message Filter dropping message: frame 'ackermann_model/lidar/lidar' at time 63.600 for reason 'discarding message because the queue is full'
[INFO] [1741789651.068036442] [rviz]: Message Filter dropping message: frame 'ackermann_model/lidar/lidar' at time 63.700 for reason 'discarding message because the queue is full'
[INFO] [1741789651.292930999] [rviz]: Message Filter dropping message: frame 'ackermann_model/lidar/lidar' at time 63.800 for reason 'discarding message because the queue is full'
[INFO] [1741789651.516777615] [rviz]: Message Filter dropping message: frame 'ackermann_model/lidar/lidar' at time 63.900 for reason 'discarding message because the queue is full'
[INFO] [1741789651.708688327] [rviz]: Message Filter dropping message: frame 'ackermann_model/lidar/lidar' at time 64.000 for reason 'discarding message because the queue is full'
[INFO] [1741789651.932755067] [rviz]: Message Filter dropping message: frame 'ackermann_model/lidar/lidar' at time 64.100 for reason 'discarding message because the queue is full'
[INFO] [1741789652.156076406] [rviz]: Message Filter dropping message: frame 'ackermann_model/lidar/lidar' at time 64.200 for reason 'discarding message because the queue is full'
[INFO] [1741789652.348270081] [rviz]: Message Filter dropping message: frame 'ackermann_model/lidar/lidar' at time 64.300 for reason 'discarding message because the queue is full'
[INFO] [1741789652.540851648] [rviz]: Message Filter dropping message: frame 'ackermann_model/lidar/lidar' at time 64.400 for reason 'discarding message because the queue is full'
[INFO] [1741789652.764034223] [rviz]: Message Filter dropping message: frame 'ackermann_model/lidar/lidar' at time 64.500 for reason 'discarding message because the queue is full'
[INFO] [1741789652.988588901] [rviz]: Message Filter dropping message: frame 'ackermann_model/lidar/lidar' at time 64.600 for reason 'discarding message because the queue is full'
[INFO] [1741789653.180972943] [rviz]: Message Filter dropping message: frame 'ackermann_model/lidar/lidar' at time 64.700 for reason 'discarding message because the queue is full'
[INFO] [1741789653.372330302] [rviz]: Message Filter dropping message: frame 'ackermann_model/lidar/lidar' at time 64.800 for reason 'discarding message because the queue is full'
[INFO] [1741789653.596038769] [rviz]: Message Filter dropping message: frame 'ackermann_model/lidar/lidar' at time 64.900 for reason 'discarding message because the queue is full'
[INFO] [1741789653.788325415] [rviz]: Message Filter dropping message: frame 'ackermann_model/lidar/lidar' at time 65.000 for reason 'discarding message because the queue is full'
[INFO] [1741789654.012194932] [rviz]: Message Filter dropping message: frame 'ackermann_model/lidar/lidar' at time 65.100 for reason 'discarding message because the queue is full'
[INFO] [1741789654.204159236] [rviz]: Message Filter dropping message: frame 'ackermann_model/lidar/lidar' at time 65.200 for reason 'discarding message because the queue is full'
[INFO] [1741789654.396050983] [rviz]: Message Filter dropping message: frame 'ackermann_model/lidar/lidar' at time 65.300 for reason 'discarding message because the queue is full'
[INFO] [1741789654.620238955] [rviz]: Message Filter dropping message: frame 'ackermann_model/lidar/lidar' at time 65.400 for reason 'discarding message because the queue is full'
[INFO] [1741789654.844677914] [rviz]: Message Filter dropping message: frame 'ackermann_model/lidar/lidar' at time 65.500 for reason 'discarding message because the queue is full'
[INFO] [1741789655.036813628] [rviz]: Message Filter dropping message: frame 'ackermann_model/lidar/lidar' at time 65.600 for reason 'discarding message because the queue is full'
[INFO] [1741789655.228018400] [rviz]: Message Filter dropping message: frame 'ackermann_model/lidar/lidar' at time 65.700 for reason 'discarding message because the queue is full'
[INFO] [1741789655.483888153] [rviz]: Message Filter dropping message: frame 'ackermann_model/lidar/lidar' at time 65.800 for reason 'discarding message because the queue is full'
[INFO] [1741789655.707952365] [rviz]: Message Filter dropping message: frame 'ackermann_model/lidar/lidar' at time 65.900 for reason 'discarding message because the queue is full'
[INFO] [1741789655.932374252] [rviz]: Message Filter dropping message: frame 'ackermann_model/lidar/lidar' at time 66.000 for reason 'discarding message because the queue is full'
[INFO] [1741789656.124776487] [rviz]: Message Filter dropping message: frame 'ackermann_model/lidar/lidar' at time 66.100 for reason 'discarding message because the queue is full'
[INFO] [1741789656.379897131] [rviz]: Message Filter dropping message: frame 'ackermann_model/lidar/lidar' at time 66.200 for reason 'discarding message because the queue is full'
[INFO] [1741789656.572352541] [rviz]: Message Filter dropping message: frame 'ackermann_model/lidar/lidar' at time 66.300 for reason 'discarding message because the queue is full'
[INFO] [1741789656.764069116] [rviz]: Message Filter dropping message: frame 'ackermann_model/lidar/lidar' at time 66.400 for reason 'discarding message because the queue is full'
[INFO] [1741789656.988301191] [rviz]: Message Filter dropping message: frame 'ackermann_model/lidar/lidar' at time 66.500 for reason 'discarding message because the queue is full'
[INFO] [1741789657.212728382] [rviz]: Message Filter dropping message: frame 'ackermann_model/lidar/lidar' at time 66.600 for reason 'discarding message because the queue is full'
[INFO] [1741789657.404813034] [rviz]: Message Filter dropping message: frame 'ackermann_model/lidar/lidar' at time 66.700 for reason 'discarding message because the queue is full'
[INFO] [1741789657.596587177] [rviz]: Message Filter dropping message: frame 'ackermann_model/lidar/lidar' at time 66.800 for reason 'discarding message because the queue is full'
[INFO] [1741789657.788087744] [rviz]: Message Filter dropping message: frame 'ackermann_model/lidar/lidar' at time 66.900 for reason 'discarding message because the queue is full'
[INFO] [1741789658.012918822] [rviz]: Message Filter dropping message: frame 'ackermann_model/lidar/lidar' at time 67.000 for reason 'discarding message because the queue is full'
[INFO] [1741789658.204432195] [rviz]: Message Filter dropping message: frame 'ackermann_model/lidar/lidar' at time 67.100 for reason 'discarding message because the queue is full'
[INFO] [1741789658.396930301] [rviz]: Message Filter dropping message: frame 'ackermann_model/lidar/lidar' at time 67.200 for reason 'discarding message because the queue is full'
[INFO] [1741789658.589001843] [rviz]: Message Filter dropping message: frame 'ackermann_model/lidar/lidar' at time 67.300 for reason 'discarding message because the queue is full'
[INFO] [1741789658.779962089] [rviz]: Message Filter dropping message: frame 'ackermann_model/lidar/lidar' at time 67.400 for reason 'discarding message because the queue is full'
[INFO] [1741789659.036183203] [rviz]: Message Filter dropping message: frame 'ackermann_model/lidar/lidar' at time 67.500 for reason 'discarding message because the queue is full'
[INFO] [1741789659.228226779] [rviz]: Message Filter dropping message: frame 'ackermann_model/lidar/lidar' at time 67.600 for reason 'discarding message because the queue is full'
[INFO] [1741789659.420875055] [rviz]: Message Filter dropping message: frame 'ackermann_model/lidar/lidar' at time 67.700 for reason 'discarding message because the queue is full'
[INFO] [1741789659.644592879] [rviz]: Message Filter dropping message: frame 'ackermann_model/lidar/lidar' at time 67.800 for reason 'discarding message because the queue is full'
[INFO] [1741789659.868762344] [rviz]: Message Filter dropping message: frame 'ackermann_model/lidar/lidar' at time 67.900 for reason 'discarding message because the queue is full'
[INFO] [1741789660.060801689] [rviz]: Message Filter dropping message: frame 'ackermann_model/lidar/lidar' at time 68.000 for reason 'discarding message because the queue is full'
[INFO] [1741789660.316706580] [rviz]: Message Filter dropping message: frame 'ackermann_model/lidar/lidar' at time 68.100 for reason 'discarding message because the queue is full'
[INFO] [1741789660.540069299] [rviz]: Message Filter dropping message: frame 'ackermann_model/lidar/lidar' at time 68.200 for reason 'discarding message because the queue is full'
[INFO] [1741789660.765030668] [rviz]: Message Filter dropping message: frame 'ackermann_model/lidar/lidar' at time 68.300 for reason 'discarding message because the queue is full'
[INFO] [1741789660.988264406] [rviz]: Message Filter dropping message: frame 'ackermann_model/lidar/lidar' at time 68.400 for reason 'discarding message because the queue is full'
[INFO] [1741789661.244819103] [rviz]: Message Filter dropping message: frame 'ackermann_model/lidar/lidar' at time 68.500 for reason 'discarding message because the queue is full'
[INFO] [1741789661.532662291] [rviz]: Message Filter dropping message: frame 'ackermann_model/lidar/lidar' at time 68.600 for reason 'discarding message because the queue is full'
[INFO] [1741789661.757039688] [rviz]: Message Filter dropping message: frame 'ackermann_model/lidar/lidar' at time 68.700 for reason 'discarding message because the queue is full'
[INFO] [1741789661.980497032] [rviz]: Message Filter dropping message: frame 'ackermann_model/lidar/lidar' at time 68.800 for reason 'discarding message because the queue is full'
[INFO] [1741789662.079796872] [rclcpp]: signal_handler(signum=2)
